Using pre-set license
Built from '2021.2/release' branch; Version is '2021.2.0f1 (4bf1ec4b23c9) revision 4977132'; Using compiler version '192829333'; Build Type 'Release'
OS: 'Windows 10 Pro; OS build 19044.1889; Version 2009; 64bit' Language: 'zh' Physical Memory: 32489 MB
BatchMode: 1, IsHumanControllingUs: 0, StartBugReporterOnCrash: 0, Is64bit: 1, IsPro: 0

COMMAND LINE ARGUMENTS:
C:\Program Files\Unity 2021.2.0f1\Editor\Unity.exe
-adb2
-batchMode
-noUpm
-name
AssetImportWorker0
-projectPath
C:/Users/Admin/Downloads/custom-srp-02-draw-calls-master-main-main
-logFile
Logs/AssetImportWorker0.log
-srvPort
56087
Successfully changed project path to: C:/Users/Admin/Downloads/custom-srp-02-draw-calls-master-main-main
C:/Users/Admin/Downloads/custom-srp-02-draw-calls-master-main-main
[UnityMemory] Configuration Parameters - Can be set up in boot.config
    "memorysetup-bucket-allocator-granularity=16"
    "memorysetup-bucket-allocator-bucket-count=8"
    "memorysetup-bucket-allocator-block-size=33554432"
    "memorysetup-bucket-allocator-block-count=8"
    "memorysetup-main-allocator-block-size=16777216"
    "memorysetup-thread-allocator-block-size=16777216"
    "memorysetup-gfx-main-allocator-block-size=16777216"
    "memorysetup-gfx-thread-allocator-block-size=16777216"
    "memorysetup-cache-allocator-block-size=4194304"
    "memorysetup-typetree-allocator-block-size=2097152"
    "memorysetup-profiler-bucket-allocator-granularity=16"
    "memorysetup-profiler-bucket-allocator-bucket-count=8"
    "memorysetup-profiler-bucket-allocator-block-size=33554432"
    "memorysetup-profiler-bucket-allocator-block-count=8"
    "memorysetup-profiler-allocator-block-size=16777216"
    "memorysetup-profiler-editor-allocator-block-size=1048576"
    "memorysetup-temp-allocator-size-main=16777216"
    "memorysetup-job-temp-allocator-block-size=2097152"
    "memorysetup-job-temp-allocator-block-size-background=1048576"
    "memorysetup-job-temp-allocator-reduction-small-platforms=262144"
    "memorysetup-temp-allocator-size-background-worker=32768"
    "memorysetup-temp-allocator-size-job-worker=262144"
    "memorysetup-temp-allocator-size-preload-manager=33554432"
    "memorysetup-temp-allocator-size-nav-mesh-worker=65536"
    "memorysetup-temp-allocator-size-audio-worker=65536"
    "memorysetup-temp-allocator-size-cloud-worker=32768"
    "memorysetup-temp-allocator-size-gi-baking-worker=262144"
    "memorysetup-temp-allocator-size-gfx=262144"
Refreshing native plugins compatible for Editor in 14.67 ms, found 0 plugins.
Preloading 0 native plugins for Editor in 0.00 ms.
Initialize engine version: 2021.2.0f1 (4bf1ec4b23c9)
[Subsystems] Discovering subsystems at path C:/Program Files/Unity 2021.2.0f1/Editor/Data/Resources/UnitySubsystems
[Subsystems] Discovering subsystems at path C:/Users/Admin/Downloads/custom-srp-02-draw-calls-master-main-main/Assets
GfxDevice: creating device client; threaded=0; jobified=0
Direct3D:
    Version:  Direct3D 11.0 [level 11.1]
    Renderer: NVIDIA GeForce GTX 1660 SUPER (ID=0x21c4)
    Vendor:   NVIDIA
    VRAM:     5992 MB
    Driver:   30.0.15.1277
Initialize mono
Mono path[0] = 'C:/Program Files/Unity 2021.2.0f1/Editor/Data/Managed'
Mono path[1] = 'C:/Program Files/Unity 2021.2.0f1/Editor/Data/MonoBleedingEdge/lib/mono/unityjit-win32'
Mono config path = 'C:/Program Files/Unity 2021.2.0f1/Editor/Data/MonoBleedingEdge/etc'
Using monoOptions --debugger-agent=transport=dt_socket,embedding=1,server=y,suspend=n,address=127.0.0.1:56452
Begin MonoManager ReloadAssembly
Registering precompiled unity dll's ...
Register platform support module: C:/Program Files/Unity 2021.2.0f1/Editor/Data/PlaybackEngines/WindowsStandaloneSupport/UnityEditor.WindowsStandalone.Extensions.dll
Registered in 0.011428 seconds.
Native extension for WindowsStandalone target not found
Refreshing native plugins compatible for Editor in 12.69 ms, found 0 plugins.
Preloading 0 native plugins for Editor in 0.00 ms.
Mono: successfully reloaded assembly
- Completed reload, in  1.156 seconds
Domain Reload Profiling:
	ReloadAssembly (1156ms)
		BeginReloadAssembly (157ms)
			ExecutionOrderSort (0ms)
			DisableScriptedObjects (0ms)
			BackupInstance (0ms)
			ReleaseScriptingObjects (0ms)
			CreateAndSetChildDomain (1ms)
		EndReloadAssembly (336ms)
			LoadAssemblies (153ms)
			RebuildTransferFunctionScriptingTraits (0ms)
			SetupTypeCache (94ms)
			ReleaseScriptCaches (0ms)
			RebuildScriptCaches (24ms)
			SetupLoadedEditorAssemblies (168ms)
				LogAssemblyErrors (0ms)
				InitializePlatformSupportModulesInManaged (7ms)
				SetLoadedEditorAssemblies (0ms)
				RefreshPlugins (13ms)
				BeforeProcessingInitializeOnLoad (1ms)
				ProcessInitializeOnLoadAttributes (108ms)
				ProcessInitializeOnLoadMethodAttributes (39ms)
				AfterProcessingInitializeOnLoad (0ms)
				EditorAssembliesLoaded (0ms)
			ExecutionOrderSort2 (0ms)
			AwakeInstancesAfterBackupRestoration (0ms)
Platform modules already initialized, skipping
Registering precompiled user dll's ...
Registered in 0.001397 seconds.
Begin MonoManager ReloadAssembly
Native extension for WindowsStandalone target not found
Refreshing native plugins compatible for Editor in 10.91 ms, found 0 plugins.
Preloading 0 native plugins for Editor in 0.00 ms.
Mono: successfully reloaded assembly
- Completed reload, in  0.660 seconds
Domain Reload Profiling:
	ReloadAssembly (660ms)
		BeginReloadAssembly (174ms)
			ExecutionOrderSort (0ms)
			DisableScriptedObjects (4ms)
			BackupInstance (0ms)
			ReleaseScriptingObjects (0ms)
			CreateAndSetChildDomain (20ms)
		EndReloadAssembly (411ms)
			LoadAssemblies (81ms)
			RebuildTransferFunctionScriptingTraits (0ms)
			SetupTypeCache (103ms)
			ReleaseScriptCaches (0ms)
			RebuildScriptCaches (26ms)
			SetupLoadedEditorAssemblies (155ms)
				LogAssemblyErrors (0ms)
				InitializePlatformSupportModulesInManaged (9ms)
				SetLoadedEditorAssemblies (0ms)
				RefreshPlugins (11ms)
				BeforeProcessingInitializeOnLoad (32ms)
				ProcessInitializeOnLoadAttributes (79ms)
				ProcessInitializeOnLoadMethodAttributes (16ms)
				AfterProcessingInitializeOnLoad (8ms)
				EditorAssembliesLoaded (0ms)
			ExecutionOrderSort2 (0ms)
			AwakeInstancesAfterBackupRestoration (5ms)
Platform modules already initialized, skipping
========================================================================
Worker process is ready to serve import requests
Launched and connected shader compiler UnityShaderCompiler.exe after 0.04 seconds
Refreshing native plugins compatible for Editor in 0.12 ms, found 0 plugins.
Preloading 0 native plugins for Editor in 0.00 ms.
Unloading 711 Unused Serialized files (Serialized files now loaded: 0)
Unloading 9 unused Assets / (57.8 KB). Loaded Objects now: 1182.
Memory consumption went from 46.3 MB to 46.3 MB.
Total: 2.188400 ms (FindLiveObjects: 0.081900 ms CreateObjectMapping: 0.020400 ms MarkObjects: 1.983300 ms  DeleteObjects: 0.101800 ms)

AssetImportParameters requested are different than current active one (requested -> active):
  custom:video-decoder-ogg-theora: a1e56fd34408186e4bbccfd4996cb3dc -> 
  custom:container-muxer-webm: aa71ff27fc2769a1b78a27578f13a17b -> 
  custom:container-demuxer-webm: 4f35f7cbe854078d1ac9338744f61a02 -> 
  custom:video-encoder-webm-vp8: eb34c28f22e8b96e1ab97ce403110664 -> 
  custom:audio-encoder-webm-vorbis: bf7c407c2cedff20999df2af8eb42d56 -> 
  custom:framework-win-MediaFoundation: 216162199b28c13a410421893ffa2e32 -> 
  custom:container-demuxer-ogg: 62fdf1f143b41e24485cea50d1cbac27 -> 
  custom:video-decoder-webm-vp8: 9c59270c3fd7afecdb556c50c9e8de78 -> 
  custom:audio-decoder-ogg-vorbis: bf7c407c2cedff20999df2af8eb42d56 -> 
========================================================================
Received Import Request.
  Time since last request: 606570.196614 seconds.
  path: Assets/Custom RP/Runtime/CustomRenderPipelineAsset.cs
  artifactKey: Guid(c09c9ba443ab8425ca7560934947ff53) Importer(815301076,1909f56bfc062723c751e8b465ee728b)
Start importing Assets/Custom RP/Runtime/CustomRenderPipelineAsset.cs using Guid(c09c9ba443ab8425ca7560934947ff53) Importer(815301076,1909f56bfc062723c751e8b465ee728b)  -> (artifact id: '1afc3e4f15171e003335edfab3a29c10') in 0.041925 seconds 
========================================================================
Received Import Request.
  Time since last request: 0.314677 seconds.
  path: Assets/Custom RP/Runtime/Lighting.cs
  artifactKey: Guid(4768159e1e95e944ea3270885f36e54f) Importer(815301076,1909f56bfc062723c751e8b465ee728b)
Start importing Assets/Custom RP/Runtime/Lighting.cs using Guid(4768159e1e95e944ea3270885f36e54f) Importer(815301076,1909f56bfc062723c751e8b465ee728b)  -> (artifact id: 'c696a13fc575d11c7811097c48acacd5') in 0.002515 seconds 
========================================================================
Received Import Request.
  Time since last request: 0.354807 seconds.
  path: Assets/Custom RP/Runtime/Shadow.cs
  artifactKey: Guid(5770e8918a43e354ea354ee036d9d483) Importer(815301076,1909f56bfc062723c751e8b465ee728b)
Start importing Assets/Custom RP/Runtime/Shadow.cs using Guid(5770e8918a43e354ea354ee036d9d483) Importer(815301076,1909f56bfc062723c751e8b465ee728b)  -> (artifact id: '533e1dca4527a499a67eebb6eda60f77') in 0.003993 seconds 
========================================================================
Received Import Request.
  Time since last request: 21.590677 seconds.
  path: Assets/Custom RP/Runtime/Shadow.cs
  artifactKey: Guid(5770e8918a43e354ea354ee036d9d483) Importer(815301076,1909f56bfc062723c751e8b465ee728b)
Start importing Assets/Custom RP/Runtime/Shadow.cs using Guid(5770e8918a43e354ea354ee036d9d483) Importer(815301076,1909f56bfc062723c751e8b465ee728b)  -> (artifact id: '67e23f50589668b7069b0df7540754b8') in 0.002362 seconds 
========================================================================
Received Import Request.
  Time since last request: 3.249348 seconds.
  path: Assets/Custom RP/Runtime/Shadow.cs
  artifactKey: Guid(5770e8918a43e354ea354ee036d9d483) Importer(815301076,1909f56bfc062723c751e8b465ee728b)
Start importing Assets/Custom RP/Runtime/Shadow.cs using Guid(5770e8918a43e354ea354ee036d9d483) Importer(815301076,1909f56bfc062723c751e8b465ee728b)  -> (artifact id: 'd2b7e181a4169938857bf1c98f7b9eee') in 0.002091 seconds 
========================================================================
Received Import Request.
  Time since last request: 3.881849 seconds.
  path: Assets/Custom RP/Runtime/Shadow.cs
  artifactKey: Guid(5770e8918a43e354ea354ee036d9d483) Importer(815301076,1909f56bfc062723c751e8b465ee728b)
Start importing Assets/Custom RP/Runtime/Shadow.cs using Guid(5770e8918a43e354ea354ee036d9d483) Importer(815301076,1909f56bfc062723c751e8b465ee728b)  -> (artifact id: '12fd7e06cf3c5c8efccad1b2b945ca11') in 0.002552 seconds 
========================================================================
Received Prepare
Registering precompiled user dll's ...
Registered in 0.002254 seconds.
Begin MonoManager ReloadAssembly
Native extension for WindowsStandalone target not found
Refreshing native plugins compatible for Editor in 0.11 ms, found 0 plugins.
Preloading 0 native plugins for Editor in 0.00 ms.
Mono: successfully reloaded assembly
- Completed reload, in  0.607 seconds
Domain Reload Profiling:
	ReloadAssembly (607ms)
		BeginReloadAssembly (131ms)
			ExecutionOrderSort (0ms)
			DisableScriptedObjects (5ms)
			BackupInstance (0ms)
			ReleaseScriptingObjects (0ms)
			CreateAndSetChildDomain (23ms)
		EndReloadAssembly (395ms)
			LoadAssemblies (80ms)
			RebuildTransferFunctionScriptingTraits (0ms)
			SetupTypeCache (93ms)
			ReleaseScriptCaches (0ms)
			RebuildScriptCaches (21ms)
			SetupLoadedEditorAssemblies (141ms)
				LogAssemblyErrors (0ms)
				InitializePlatformSupportModulesInManaged (10ms)
				SetLoadedEditorAssemblies (0ms)
				RefreshPlugins (0ms)
				BeforeProcessingInitializeOnLoad (30ms)
				ProcessInitializeOnLoadAttributes (78ms)
				ProcessInitializeOnLoadMethodAttributes (15ms)
				AfterProcessingInitializeOnLoad (8ms)
				EditorAssembliesLoaded (0ms)
			ExecutionOrderSort2 (0ms)
			AwakeInstancesAfterBackupRestoration (5ms)
Platform modules already initialized, skipping
Refreshing native plugins compatible for Editor in 0.13 ms, found 0 plugins.
Preloading 0 native plugins for Editor in 0.00 ms.
Unloading 700 Unused Serialized files (Serialized files now loaded: 0)
Unloading 5 unused Assets / (24.6 KB). Loaded Objects now: 1184.
Memory consumption went from 45.7 MB to 45.7 MB.
Total: 1.728500 ms (FindLiveObjects: 0.124700 ms CreateObjectMapping: 0.016900 ms MarkObjects: 1.558300 ms  DeleteObjects: 0.027800 ms)

AssetImportParameters requested are different than current active one (requested -> active):
  custom:video-decoder-ogg-theora: a1e56fd34408186e4bbccfd4996cb3dc -> 
  custom:container-muxer-webm: aa71ff27fc2769a1b78a27578f13a17b -> 
  custom:container-demuxer-webm: 4f35f7cbe854078d1ac9338744f61a02 -> 
  custom:video-encoder-webm-vp8: eb34c28f22e8b96e1ab97ce403110664 -> 
  custom:audio-encoder-webm-vorbis: bf7c407c2cedff20999df2af8eb42d56 -> 
  custom:framework-win-MediaFoundation: 216162199b28c13a410421893ffa2e32 -> 
  custom:container-demuxer-ogg: 62fdf1f143b41e24485cea50d1cbac27 -> 
  custom:video-decoder-webm-vp8: 9c59270c3fd7afecdb556c50c9e8de78 -> 
  custom:audio-decoder-ogg-vorbis: bf7c407c2cedff20999df2af8eb42d56 -> 
========================================================================
Received Import Request.
  Time since last request: 3444.971835 seconds.
  path: Assets/Custom RP/Runtime/Shadow.cs
  artifactKey: Guid(5770e8918a43e354ea354ee036d9d483) Importer(815301076,1909f56bfc062723c751e8b465ee728b)
Start importing Assets/Custom RP/Runtime/Shadow.cs using Guid(5770e8918a43e354ea354ee036d9d483) Importer(815301076,1909f56bfc062723c751e8b465ee728b)  -> (artifact id: '556a30ef51816917b6e65f16cb389a83') in 0.005703 seconds 
========================================================================
Received Prepare
Registering precompiled user dll's ...
Registered in 0.002122 seconds.
Begin MonoManager ReloadAssembly
Native extension for WindowsStandalone target not found
Refreshing native plugins compatible for Editor in 0.16 ms, found 0 plugins.
Preloading 0 native plugins for Editor in 0.00 ms.
Mono: successfully reloaded assembly
- Completed reload, in  0.606 seconds
Domain Reload Profiling:
	ReloadAssembly (607ms)
		BeginReloadAssembly (141ms)
			ExecutionOrderSort (0ms)
			DisableScriptedObjects (5ms)
			BackupInstance (0ms)
			ReleaseScriptingObjects (0ms)
			CreateAndSetChildDomain (23ms)
		EndReloadAssembly (385ms)
			LoadAssemblies (86ms)
			RebuildTransferFunctionScriptingTraits (0ms)
			SetupTypeCache (95ms)
			ReleaseScriptCaches (0ms)
			RebuildScriptCaches (24ms)
			SetupLoadedEditorAssemblies (136ms)
				LogAssemblyErrors (0ms)
				InitializePlatformSupportModulesInManaged (10ms)
				SetLoadedEditorAssemblies (1ms)
				RefreshPlugins (0ms)
				BeforeProcessingInitializeOnLoad (27ms)
				ProcessInitializeOnLoadAttributes (76ms)
				ProcessInitializeOnLoadMethodAttributes (14ms)
				AfterProcessingInitializeOnLoad (7ms)
				EditorAssembliesLoaded (0ms)
			ExecutionOrderSort2 (0ms)
			AwakeInstancesAfterBackupRestoration (6ms)
Platform modules already initialized, skipping
Refreshing native plugins compatible for Editor in 0.14 ms, found 0 plugins.
Preloading 0 native plugins for Editor in 0.00 ms.
Unloading 700 Unused Serialized files (Serialized files now loaded: 0)
Unloading 5 unused Assets / (24.6 KB). Loaded Objects now: 1186.
Memory consumption went from 45.7 MB to 45.7 MB.
Total: 2.073200 ms (FindLiveObjects: 0.085800 ms CreateObjectMapping: 0.015200 ms MarkObjects: 1.959200 ms  DeleteObjects: 0.012100 ms)

AssetImportParameters requested are different than current active one (requested -> active):
  custom:video-decoder-ogg-theora: a1e56fd34408186e4bbccfd4996cb3dc -> 
  custom:container-muxer-webm: aa71ff27fc2769a1b78a27578f13a17b -> 
  custom:container-demuxer-webm: 4f35f7cbe854078d1ac9338744f61a02 -> 
  custom:video-encoder-webm-vp8: eb34c28f22e8b96e1ab97ce403110664 -> 
  custom:audio-encoder-webm-vorbis: bf7c407c2cedff20999df2af8eb42d56 -> 
  custom:framework-win-MediaFoundation: 216162199b28c13a410421893ffa2e32 -> 
  custom:container-demuxer-ogg: 62fdf1f143b41e24485cea50d1cbac27 -> 
  custom:video-decoder-webm-vp8: 9c59270c3fd7afecdb556c50c9e8de78 -> 
  custom:audio-decoder-ogg-vorbis: bf7c407c2cedff20999df2af8eb42d56 -> 
========================================================================
Received Import Request.
  Time since last request: 210.765749 seconds.
  path: Assets/Custom RP/Runtime/Shadow.cs
  artifactKey: Guid(5770e8918a43e354ea354ee036d9d483) Importer(815301076,1909f56bfc062723c751e8b465ee728b)
Start importing Assets/Custom RP/Runtime/Shadow.cs using Guid(5770e8918a43e354ea354ee036d9d483) Importer(815301076,1909f56bfc062723c751e8b465ee728b)  -> (artifact id: '025938fbf6a154cd29e153d05079e654') in 0.005302 seconds 
========================================================================
Received Import Request.
  Time since last request: 14.496168 seconds.
  path: Assets/Custom RP/Runtime/Shadow.cs
  artifactKey: Guid(5770e8918a43e354ea354ee036d9d483) Importer(815301076,1909f56bfc062723c751e8b465ee728b)
Start importing Assets/Custom RP/Runtime/Shadow.cs using Guid(5770e8918a43e354ea354ee036d9d483) Importer(815301076,1909f56bfc062723c751e8b465ee728b)  -> (artifact id: 'ac4ba68b773eb7ceefe99fb6fb8027bb') in 0.002256 seconds 
========================================================================
Received Import Request.
  Time since last request: 28.937372 seconds.
  path: Assets/Custom RP/Runtime/Shadow.cs
  artifactKey: Guid(5770e8918a43e354ea354ee036d9d483) Importer(815301076,1909f56bfc062723c751e8b465ee728b)
Start importing Assets/Custom RP/Runtime/Shadow.cs using Guid(5770e8918a43e354ea354ee036d9d483) Importer(815301076,1909f56bfc062723c751e8b465ee728b)  -> (artifact id: '86f20db034a658396e42fb950bc9fac8') in 0.002316 seconds 
========================================================================
Received Import Request.
  Time since last request: 8.125601 seconds.
  path: Assets/Custom RP/Runtime/Shadow.cs
  artifactKey: Guid(5770e8918a43e354ea354ee036d9d483) Importer(815301076,1909f56bfc062723c751e8b465ee728b)
Start importing Assets/Custom RP/Runtime/Shadow.cs using Guid(5770e8918a43e354ea354ee036d9d483) Importer(815301076,1909f56bfc062723c751e8b465ee728b)  -> (artifact id: 'efeb33737558b380a211dd10f4ffd612') in 0.002326 seconds 
========================================================================
Received Prepare
Registering precompiled user dll's ...
Registered in 0.001378 seconds.
Begin MonoManager ReloadAssembly
Native extension for WindowsStandalone target not found
Refreshing native plugins compatible for Editor in 0.18 ms, found 0 plugins.
Preloading 0 native plugins for Editor in 0.00 ms.
Mono: successfully reloaded assembly
- Completed reload, in  0.622 seconds
Domain Reload Profiling:
	ReloadAssembly (622ms)
		BeginReloadAssembly (139ms)
			ExecutionOrderSort (0ms)
			DisableScriptedObjects (4ms)
			BackupInstance (0ms)
			ReleaseScriptingObjects (0ms)
			CreateAndSetChildDomain (21ms)
		EndReloadAssembly (397ms)
			LoadAssemblies (86ms)
			RebuildTransferFunctionScriptingTraits (0ms)
			SetupTypeCache (95ms)
			ReleaseScriptCaches (0ms)
			RebuildScriptCaches (25ms)
			SetupLoadedEditorAssemblies (140ms)
				LogAssemblyErrors (0ms)
				InitializePlatformSupportModulesInManaged (10ms)
				SetLoadedEditorAssemblies (0ms)
				RefreshPlugins (0ms)
				BeforeProcessingInitializeOnLoad (29ms)
				ProcessInitializeOnLoadAttributes (75ms)
				ProcessInitializeOnLoadMethodAttributes (15ms)
				AfterProcessingInitializeOnLoad (9ms)
				EditorAssembliesLoaded (0ms)
			ExecutionOrderSort2 (0ms)
			AwakeInstancesAfterBackupRestoration (6ms)
Platform modules already initialized, skipping
Refreshing native plugins compatible for Editor in 0.14 ms, found 0 plugins.
Preloading 0 native plugins for Editor in 0.00 ms.
Unloading 700 Unused Serialized files (Serialized files now loaded: 0)
Unloading 5 unused Assets / (24.6 KB). Loaded Objects now: 1188.
Memory consumption went from 45.7 MB to 45.7 MB.
Total: 1.756300 ms (FindLiveObjects: 0.087800 ms CreateObjectMapping: 0.017300 ms MarkObjects: 1.641800 ms  DeleteObjects: 0.009000 ms)

AssetImportParameters requested are different than current active one (requested -> active):
  custom:video-decoder-ogg-theora: a1e56fd34408186e4bbccfd4996cb3dc -> 
  custom:container-muxer-webm: aa71ff27fc2769a1b78a27578f13a17b -> 
  custom:container-demuxer-webm: 4f35f7cbe854078d1ac9338744f61a02 -> 
  custom:video-encoder-webm-vp8: eb34c28f22e8b96e1ab97ce403110664 -> 
  custom:audio-encoder-webm-vorbis: bf7c407c2cedff20999df2af8eb42d56 -> 
  custom:framework-win-MediaFoundation: 216162199b28c13a410421893ffa2e32 -> 
  custom:container-demuxer-ogg: 62fdf1f143b41e24485cea50d1cbac27 -> 
  custom:video-decoder-webm-vp8: 9c59270c3fd7afecdb556c50c9e8de78 -> 
  custom:audio-decoder-ogg-vorbis: bf7c407c2cedff20999df2af8eb42d56 -> 
========================================================================
Received Import Request.
  Time since last request: 326.660684 seconds.
  path: Assets/Custom RP/Runtime/Shadow.cs
  artifactKey: Guid(5770e8918a43e354ea354ee036d9d483) Importer(815301076,1909f56bfc062723c751e8b465ee728b)
Start importing Assets/Custom RP/Runtime/Shadow.cs using Guid(5770e8918a43e354ea354ee036d9d483) Importer(815301076,1909f56bfc062723c751e8b465ee728b)  -> (artifact id: '08016e52f8c476801524b5502b059aa2') in 0.004647 seconds 
========================================================================
Received Import Request.
  Time since last request: 55.112929 seconds.
  path: Assets/Custom RP/Runtime/Shadow.cs
  artifactKey: Guid(5770e8918a43e354ea354ee036d9d483) Importer(815301076,1909f56bfc062723c751e8b465ee728b)
Start importing Assets/Custom RP/Runtime/Shadow.cs using Guid(5770e8918a43e354ea354ee036d9d483) Importer(815301076,1909f56bfc062723c751e8b465ee728b)  -> (artifact id: '632397b781f40a568807c1651ee1c02f') in 0.002429 seconds 
========================================================================
Received Prepare
Registering precompiled user dll's ...
Registered in 0.001514 seconds.
Begin MonoManager ReloadAssembly
Native extension for WindowsStandalone target not found
Refreshing native plugins compatible for Editor in 0.14 ms, found 0 plugins.
Preloading 0 native plugins for Editor in 0.00 ms.
Mono: successfully reloaded assembly
- Completed reload, in  0.602 seconds
Domain Reload Profiling:
	ReloadAssembly (603ms)
		BeginReloadAssembly (129ms)
			ExecutionOrderSort (0ms)
			DisableScriptedObjects (5ms)
			BackupInstance (0ms)
			ReleaseScriptingObjects (0ms)
			CreateAndSetChildDomain (22ms)
		EndReloadAssembly (397ms)
			LoadAssemblies (80ms)
			RebuildTransferFunctionScriptingTraits (0ms)
			SetupTypeCache (98ms)
			ReleaseScriptCaches (0ms)
			RebuildScriptCaches (23ms)
			SetupLoadedEditorAssemblies (141ms)
				LogAssemblyErrors (0ms)
				InitializePlatformSupportModulesInManaged (11ms)
				SetLoadedEditorAssemblies (0ms)
				RefreshPlugins (0ms)
				BeforeProcessingInitializeOnLoad (28ms)
				ProcessInitializeOnLoadAttributes (78ms)
				ProcessInitializeOnLoadMethodAttributes (15ms)
				AfterProcessingInitializeOnLoad (8ms)
				EditorAssembliesLoaded (0ms)
			ExecutionOrderSort2 (0ms)
			AwakeInstancesAfterBackupRestoration (7ms)
Platform modules already initialized, skipping
Refreshing native plugins compatible for Editor in 0.11 ms, found 0 plugins.
Preloading 0 native plugins for Editor in 0.00 ms.
Unloading 700 Unused Serialized files (Serialized files now loaded: 0)
Unloading 5 unused Assets / (24.6 KB). Loaded Objects now: 1190.
Memory consumption went from 45.7 MB to 45.7 MB.
Total: 2.045000 ms (FindLiveObjects: 0.069100 ms CreateObjectMapping: 0.017200 ms MarkObjects: 1.945100 ms  DeleteObjects: 0.012700 ms)

AssetImportParameters requested are different than current active one (requested -> active):
  custom:video-decoder-ogg-theora: a1e56fd34408186e4bbccfd4996cb3dc -> 
  custom:container-muxer-webm: aa71ff27fc2769a1b78a27578f13a17b -> 
  custom:container-demuxer-webm: 4f35f7cbe854078d1ac9338744f61a02 -> 
  custom:video-encoder-webm-vp8: eb34c28f22e8b96e1ab97ce403110664 -> 
  custom:audio-encoder-webm-vorbis: bf7c407c2cedff20999df2af8eb42d56 -> 
  custom:framework-win-MediaFoundation: 216162199b28c13a410421893ffa2e32 -> 
  custom:container-demuxer-ogg: 62fdf1f143b41e24485cea50d1cbac27 -> 
  custom:video-decoder-webm-vp8: 9c59270c3fd7afecdb556c50c9e8de78 -> 
  custom:audio-decoder-ogg-vorbis: bf7c407c2cedff20999df2af8eb42d56 -> 
========================================================================
Received Import Request.
  Time since last request: 20.784549 seconds.
  path: Assets/Custom RP/Runtime/ShadowSettings.cs
  artifactKey: Guid(63f1992dcc4f1bf4fbd0c126f58a7a25) Importer(815301076,1909f56bfc062723c751e8b465ee728b)
Start importing Assets/Custom RP/Runtime/ShadowSettings.cs using Guid(63f1992dcc4f1bf4fbd0c126f58a7a25) Importer(815301076,1909f56bfc062723c751e8b465ee728b)  -> (artifact id: '0ace979f77b7f29ea4bdad6638471818') in 0.005799 seconds 
========================================================================
Received Import Request.
  Time since last request: 14.209494 seconds.
  path: Assets/Custom RP/Runtime/Lighting.cs
  artifactKey: Guid(4768159e1e95e944ea3270885f36e54f) Importer(815301076,1909f56bfc062723c751e8b465ee728b)
Start importing Assets/Custom RP/Runtime/Lighting.cs using Guid(4768159e1e95e944ea3270885f36e54f) Importer(815301076,1909f56bfc062723c751e8b465ee728b)  -> (artifact id: 'cd5f0b4cdf083a0a97699f9560071a55') in 0.002697 seconds 
========================================================================
Received Import Request.
  Time since last request: 28.848898 seconds.
  path: Assets/Custom RP/Runtime/Lighting.cs
  artifactKey: Guid(4768159e1e95e944ea3270885f36e54f) Importer(815301076,1909f56bfc062723c751e8b465ee728b)
Start importing Assets/Custom RP/Runtime/Lighting.cs using Guid(4768159e1e95e944ea3270885f36e54f) Importer(815301076,1909f56bfc062723c751e8b465ee728b)  -> (artifact id: 'be9d91d212c2d78be640803251887360') in 0.003764 seconds 
========================================================================
Received Import Request.
  Time since last request: 4.083516 seconds.
  path: Assets/Custom RP/Runtime/Lighting.cs
  artifactKey: Guid(4768159e1e95e944ea3270885f36e54f) Importer(815301076,1909f56bfc062723c751e8b465ee728b)
Start importing Assets/Custom RP/Runtime/Lighting.cs using Guid(4768159e1e95e944ea3270885f36e54f) Importer(815301076,1909f56bfc062723c751e8b465ee728b)  -> (artifact id: 'e671eca0f496b76004871e4985c2f789') in 0.002019 seconds 
========================================================================
Received Import Request.
  Time since last request: 42.245456 seconds.
  path: Assets/Custom RP/Runtime/Lighting.cs
  artifactKey: Guid(4768159e1e95e944ea3270885f36e54f) Importer(815301076,1909f56bfc062723c751e8b465ee728b)
Start importing Assets/Custom RP/Runtime/Lighting.cs using Guid(4768159e1e95e944ea3270885f36e54f) Importer(815301076,1909f56bfc062723c751e8b465ee728b)  -> (artifact id: '62c73e8d6ccfa348fefecbe8ac24e428') in 0.002066 seconds 
========================================================================
Received Import Request.
  Time since last request: 48.047924 seconds.
  path: Assets/Custom RP/Runtime/Lighting.cs
  artifactKey: Guid(4768159e1e95e944ea3270885f36e54f) Importer(815301076,1909f56bfc062723c751e8b465ee728b)
Start importing Assets/Custom RP/Runtime/Lighting.cs using Guid(4768159e1e95e944ea3270885f36e54f) Importer(815301076,1909f56bfc062723c751e8b465ee728b)  -> (artifact id: 'db7edbfcdf29c301078ba69343b9d885') in 0.002031 seconds 
========================================================================
Received Import Request.
  Time since last request: 9.506634 seconds.
  path: Assets/Custom RP/Runtime/Lighting.cs
  artifactKey: Guid(4768159e1e95e944ea3270885f36e54f) Importer(815301076,1909f56bfc062723c751e8b465ee728b)
Start importing Assets/Custom RP/Runtime/Lighting.cs using Guid(4768159e1e95e944ea3270885f36e54f) Importer(815301076,1909f56bfc062723c751e8b465ee728b)  -> (artifact id: '44db9f13f87eabcbd5c97b2efe92beae') in 0.002778 seconds 
========================================================================
Received Import Request.
  Time since last request: 3.680067 seconds.
  path: Assets/Custom RP/Runtime/Lighting.cs
  artifactKey: Guid(4768159e1e95e944ea3270885f36e54f) Importer(815301076,1909f56bfc062723c751e8b465ee728b)
Start importing Assets/Custom RP/Runtime/Lighting.cs using Guid(4768159e1e95e944ea3270885f36e54f) Importer(815301076,1909f56bfc062723c751e8b465ee728b)  -> (artifact id: 'f4a887e70abafe642adceef1eca5c4a7') in 0.003155 seconds 
========================================================================
Received Import Request.
  Time since last request: 2.590326 seconds.
  path: Assets/Custom RP/Runtime/Lighting.cs
  artifactKey: Guid(4768159e1e95e944ea3270885f36e54f) Importer(815301076,1909f56bfc062723c751e8b465ee728b)
Start importing Assets/Custom RP/Runtime/Lighting.cs using Guid(4768159e1e95e944ea3270885f36e54f) Importer(815301076,1909f56bfc062723c751e8b465ee728b)  -> (artifact id: '39cb5dc041d1750898ebd31874b01269') in 0.002823 seconds 
========================================================================
Received Import Request.
  Time since last request: 8.711177 seconds.
  path: Assets/Custom RP/Runtime/Lighting.cs
  artifactKey: Guid(4768159e1e95e944ea3270885f36e54f) Importer(815301076,1909f56bfc062723c751e8b465ee728b)
Start importing Assets/Custom RP/Runtime/Lighting.cs using Guid(4768159e1e95e944ea3270885f36e54f) Importer(815301076,1909f56bfc062723c751e8b465ee728b)  -> (artifact id: '69003b8f0eebb220d6e092f89d4be81a') in 0.001969 seconds 
========================================================================
Received Import Request.
  Time since last request: 7.183726 seconds.
  path: Assets/Custom RP/Runtime/Lighting.cs
  artifactKey: Guid(4768159e1e95e944ea3270885f36e54f) Importer(815301076,1909f56bfc062723c751e8b465ee728b)
Start importing Assets/Custom RP/Runtime/Lighting.cs using Guid(4768159e1e95e944ea3270885f36e54f) Importer(815301076,1909f56bfc062723c751e8b465ee728b)  -> (artifact id: '5e5646dcc2ee716a1cfdbf9d5f81b9e5') in 0.002731 seconds 
========================================================================
Received Import Request.
  Time since last request: 17.186253 seconds.
  path: Assets/Custom RP/Runtime/Lighting.cs
  artifactKey: Guid(4768159e1e95e944ea3270885f36e54f) Importer(815301076,1909f56bfc062723c751e8b465ee728b)
Start importing Assets/Custom RP/Runtime/Lighting.cs using Guid(4768159e1e95e944ea3270885f36e54f) Importer(815301076,1909f56bfc062723c751e8b465ee728b)  -> (artifact id: 'b9752c2bdd37d2309ee24afbc190b481') in 0.002581 seconds 
========================================================================
Received Prepare
Registering precompiled user dll's ...
Registered in 0.001699 seconds.
Begin MonoManager ReloadAssembly
Native extension for WindowsStandalone target not found
Refreshing native plugins compatible for Editor in 0.11 ms, found 0 plugins.
Preloading 0 native plugins for Editor in 0.00 ms.
Mono: successfully reloaded assembly
- Completed reload, in  0.610 seconds
Domain Reload Profiling:
	ReloadAssembly (610ms)
		BeginReloadAssembly (128ms)
			ExecutionOrderSort (0ms)
			DisableScriptedObjects (5ms)
			BackupInstance (0ms)
			ReleaseScriptingObjects (0ms)
			CreateAndSetChildDomain (22ms)
		EndReloadAssembly (401ms)
			LoadAssemblies (83ms)
			RebuildTransferFunctionScriptingTraits (0ms)
			SetupTypeCache (91ms)
			ReleaseScriptCaches (0ms)
			RebuildScriptCaches (24ms)
			SetupLoadedEditorAssemblies (149ms)
				LogAssemblyErrors (0ms)
				InitializePlatformSupportModulesInManaged (11ms)
				SetLoadedEditorAssemblies (0ms)
				RefreshPlugins (0ms)
				BeforeProcessingInitializeOnLoad (27ms)
				ProcessInitializeOnLoadAttributes (81ms)
				ProcessInitializeOnLoadMethodAttributes (22ms)
				AfterProcessingInitializeOnLoad (7ms)
				EditorAssembliesLoaded (0ms)
			ExecutionOrderSort2 (0ms)
			AwakeInstancesAfterBackupRestoration (6ms)
Platform modules already initialized, skipping
Refreshing native plugins compatible for Editor in 0.13 ms, found 0 plugins.
Preloading 0 native plugins for Editor in 0.00 ms.
Unloading 700 Unused Serialized files (Serialized files now loaded: 0)
Unloading 5 unused Assets / (24.6 KB). Loaded Objects now: 1192.
Memory consumption went from 45.7 MB to 45.7 MB.
Total: 1.782500 ms (FindLiveObjects: 0.092700 ms CreateObjectMapping: 0.019200 ms MarkObjects: 1.662200 ms  DeleteObjects: 0.007700 ms)

AssetImportParameters requested are different than current active one (requested -> active):
  custom:video-decoder-ogg-theora: a1e56fd34408186e4bbccfd4996cb3dc -> 
  custom:container-muxer-webm: aa71ff27fc2769a1b78a27578f13a17b -> 
  custom:container-demuxer-webm: 4f35f7cbe854078d1ac9338744f61a02 -> 
  custom:video-encoder-webm-vp8: eb34c28f22e8b96e1ab97ce403110664 -> 
  custom:audio-encoder-webm-vorbis: bf7c407c2cedff20999df2af8eb42d56 -> 
  custom:framework-win-MediaFoundation: 216162199b28c13a410421893ffa2e32 -> 
  custom:container-demuxer-ogg: 62fdf1f143b41e24485cea50d1cbac27 -> 
  custom:video-decoder-webm-vp8: 9c59270c3fd7afecdb556c50c9e8de78 -> 
  custom:audio-decoder-ogg-vorbis: bf7c407c2cedff20999df2af8eb42d56 -> 
========================================================================
Received Import Request.
  Time since last request: 284.518691 seconds.
  path: Assets/Custom RP/ShaderLibrary/BRDF.hlsl
  artifactKey: Guid(7ec1c7aa91fa0704b98f5d3b05520452) Importer(815301076,1909f56bfc062723c751e8b465ee728b)
Start importing Assets/Custom RP/ShaderLibrary/BRDF.hlsl using Guid(7ec1c7aa91fa0704b98f5d3b05520452) Importer(815301076,1909f56bfc062723c751e8b465ee728b)  -> (artifact id: '9623c0fd75d780547cefcd4d7a2bb925') in 0.032310 seconds 
========================================================================
Received Import Request.
  Time since last request: 0.031596 seconds.
  path: Assets/Custom RP/ShaderLibrary/Lighting.hlsl
  artifactKey: Guid(ec8ba6ce11a2a9f4787f9b1d368c0e51) Importer(815301076,1909f56bfc062723c751e8b465ee728b)
Start importing Assets/Custom RP/ShaderLibrary/Lighting.hlsl using Guid(ec8ba6ce11a2a9f4787f9b1d368c0e51) Importer(815301076,1909f56bfc062723c751e8b465ee728b)  -> (artifact id: '2dd46fa5ca4d66c4fa099e14c0b6f4ac') in 0.004941 seconds 
========================================================================
Received Import Request.
  Time since last request: 0.000024 seconds.
  path: Assets/Custom RP/ShaderLibrary/UnityInput.hlsl
  artifactKey: Guid(17a2d899cf2494d72a789255e1c5012d) Importer(815301076,1909f56bfc062723c751e8b465ee728b)
Start importing Assets/Custom RP/ShaderLibrary/UnityInput.hlsl using Guid(17a2d899cf2494d72a789255e1c5012d) Importer(815301076,1909f56bfc062723c751e8b465ee728b)  -> (artifact id: '30970d25ed4021287157290b6a671360') in 0.004577 seconds 
========================================================================
Received Import Request.
  Time since last request: 0.344710 seconds.
  path: Assets/Custom RP/Shaders/LitPass.hlsl
  artifactKey: Guid(be4688e7e1b6e11408db8225273aac73) Importer(815301076,1909f56bfc062723c751e8b465ee728b)
Start importing Assets/Custom RP/Shaders/LitPass.hlsl using Guid(be4688e7e1b6e11408db8225273aac73) Importer(815301076,1909f56bfc062723c751e8b465ee728b)  -> (artifact id: 'd1dfa56fb6be0fdad73f176785d635bb') in 0.004328 seconds 
========================================================================
Received Import Request.
  Time since last request: 0.000016 seconds.
  path: Assets/Custom RP/Shaders/UnlitPass.hlsl
  artifactKey: Guid(d2de3310d9f97475ebcd6d8e5fd34489) Importer(815301076,1909f56bfc062723c751e8b465ee728b)
Start importing Assets/Custom RP/Shaders/UnlitPass.hlsl using Guid(d2de3310d9f97475ebcd6d8e5fd34489) Importer(815301076,1909f56bfc062723c751e8b465ee728b)  -> (artifact id: '73f5b14dfd0353c8385056edf392c00a') in 0.002681 seconds 
========================================================================
Received Prepare
Registering precompiled user dll's ...
Registered in 0.001397 seconds.
Begin MonoManager ReloadAssembly
Native extension for WindowsStandalone target not found
Refreshing native plugins compatible for Editor in 0.11 ms, found 0 plugins.
Preloading 0 native plugins for Editor in 0.00 ms.
Mono: successfully reloaded assembly
- Completed reload, in  0.606 seconds
Domain Reload Profiling:
	ReloadAssembly (607ms)
		BeginReloadAssembly (136ms)
			ExecutionOrderSort (0ms)
			DisableScriptedObjects (5ms)
			BackupInstance (0ms)
			ReleaseScriptingObjects (0ms)
			CreateAndSetChildDomain (25ms)
		EndReloadAssembly (391ms)
			LoadAssemblies (82ms)
			RebuildTransferFunctionScriptingTraits (0ms)
			SetupTypeCache (92ms)
			ReleaseScriptCaches (0ms)
			RebuildScriptCaches (24ms)
			SetupLoadedEditorAssemblies (147ms)
				LogAssemblyErrors (0ms)
				InitializePlatformSupportModulesInManaged (11ms)
				SetLoadedEditorAssemblies (0ms)
				RefreshPlugins (0ms)
				BeforeProcessingInitializeOnLoad (29ms)
				ProcessInitializeOnLoadAttributes (83ms)
				ProcessInitializeOnLoadMethodAttributes (16ms)
				AfterProcessingInitializeOnLoad (7ms)
				EditorAssembliesLoaded (0ms)
			ExecutionOrderSort2 (0ms)
			AwakeInstancesAfterBackupRestoration (5ms)
Platform modules already initialized, skipping
Refreshing native plugins compatible for Editor in 0.12 ms, found 0 plugins.
Preloading 0 native plugins for Editor in 0.00 ms.
Unloading 700 Unused Serialized files (Serialized files now loaded: 0)
Unloading 5 unused Assets / (24.6 KB). Loaded Objects now: 1194.
Memory consumption went from 45.8 MB to 45.7 MB.
Total: 1.919800 ms (FindLiveObjects: 0.101100 ms CreateObjectMapping: 0.022100 ms MarkObjects: 1.779200 ms  DeleteObjects: 0.016500 ms)

AssetImportParameters requested are different than current active one (requested -> active):
  custom:video-decoder-ogg-theora: a1e56fd34408186e4bbccfd4996cb3dc -> 
  custom:container-muxer-webm: aa71ff27fc2769a1b78a27578f13a17b -> 
  custom:container-demuxer-webm: 4f35f7cbe854078d1ac9338744f61a02 -> 
  custom:video-encoder-webm-vp8: eb34c28f22e8b96e1ab97ce403110664 -> 
  custom:audio-encoder-webm-vorbis: bf7c407c2cedff20999df2af8eb42d56 -> 
  custom:framework-win-MediaFoundation: 216162199b28c13a410421893ffa2e32 -> 
  custom:container-demuxer-ogg: 62fdf1f143b41e24485cea50d1cbac27 -> 
  custom:video-decoder-webm-vp8: 9c59270c3fd7afecdb556c50c9e8de78 -> 
  custom:audio-decoder-ogg-vorbis: bf7c407c2cedff20999df2af8eb42d56 -> 
========================================================================
Received Prepare
Registering precompiled user dll's ...
Registered in 0.001709 seconds.
Begin MonoManager ReloadAssembly
Native extension for WindowsStandalone target not found
Refreshing native plugins compatible for Editor in 0.14 ms, found 0 plugins.
Preloading 0 native plugins for Editor in 0.00 ms.
Mono: successfully reloaded assembly
- Completed reload, in  0.697 seconds
Domain Reload Profiling:
	ReloadAssembly (698ms)
		BeginReloadAssembly (158ms)
			ExecutionOrderSort (0ms)
			DisableScriptedObjects (7ms)
			BackupInstance (0ms)
			ReleaseScriptingObjects (0ms)
			CreateAndSetChildDomain (36ms)
		EndReloadAssembly (445ms)
			LoadAssemblies (84ms)
			RebuildTransferFunctionScriptingTraits (0ms)
			SetupTypeCache (115ms)
			ReleaseScriptCaches (0ms)
			RebuildScriptCaches (31ms)
			SetupLoadedEditorAssemblies (152ms)
				LogAssemblyErrors (0ms)
				InitializePlatformSupportModulesInManaged (12ms)
				SetLoadedEditorAssemblies (0ms)
				RefreshPlugins (0ms)
				BeforeProcessingInitializeOnLoad (29ms)
				ProcessInitializeOnLoadAttributes (84ms)
				ProcessInitializeOnLoadMethodAttributes (19ms)
				AfterProcessingInitializeOnLoad (8ms)
				EditorAssembliesLoaded (0ms)
			ExecutionOrderSort2 (0ms)
			AwakeInstancesAfterBackupRestoration (7ms)
Platform modules already initialized, skipping
Refreshing native plugins compatible for Editor in 0.14 ms, found 0 plugins.
Preloading 0 native plugins for Editor in 0.00 ms.
Unloading 700 Unused Serialized files (Serialized files now loaded: 0)
Unloading 5 unused Assets / (24.6 KB). Loaded Objects now: 1196.
Memory consumption went from 45.7 MB to 45.7 MB.
Total: 1.827000 ms (FindLiveObjects: 0.069700 ms CreateObjectMapping: 0.014700 ms MarkObjects: 1.728600 ms  DeleteObjects: 0.013200 ms)

AssetImportParameters requested are different than current active one (requested -> active):
  custom:video-decoder-ogg-theora: a1e56fd34408186e4bbccfd4996cb3dc -> 
  custom:container-muxer-webm: aa71ff27fc2769a1b78a27578f13a17b -> 
  custom:container-demuxer-webm: 4f35f7cbe854078d1ac9338744f61a02 -> 
  custom:video-encoder-webm-vp8: eb34c28f22e8b96e1ab97ce403110664 -> 
  custom:audio-encoder-webm-vorbis: bf7c407c2cedff20999df2af8eb42d56 -> 
  custom:framework-win-MediaFoundation: 216162199b28c13a410421893ffa2e32 -> 
  custom:container-demuxer-ogg: 62fdf1f143b41e24485cea50d1cbac27 -> 
  custom:video-decoder-webm-vp8: 9c59270c3fd7afecdb556c50c9e8de78 -> 
  custom:audio-decoder-ogg-vorbis: bf7c407c2cedff20999df2af8eb42d56 -> 
========================================================================
Received Import Request.
  Time since last request: 13083.919147 seconds.
  path: Assets/Custom RP/ShaderLibrary/shadow.hlsl
  artifactKey: Guid(7a265ae4ff900b34dacf01c69ebb235d) Importer(815301076,1909f56bfc062723c751e8b465ee728b)
Start importing Assets/Custom RP/ShaderLibrary/shadow.hlsl using Guid(7a265ae4ff900b34dacf01c69ebb235d) Importer(815301076,1909f56bfc062723c751e8b465ee728b)  -> (artifact id: 'fd2d234b9edfeedbeea8eceaac441de6') in 0.019355 seconds 
========================================================================
Received Import Request.
  Time since last request: 1414.945833 seconds.
  path: Assets/Test Materials/Unlit Green Opaque.mat
  artifactKey: Guid(76a36e8b72e434960af23564c26cfe8e) Importer(815301076,1909f56bfc062723c751e8b465ee728b)
Start importing Assets/Test Materials/Unlit Green Opaque.mat using Guid(76a36e8b72e434960af23564c26cfe8e) Importer(815301076,1909f56bfc062723c751e8b465ee728b) You are trying to create a MonoBehaviour using the 'new' keyword.  This is not allowed.  MonoBehaviours can only be added using AddComponent(). Alternatively, your script can inherit from ScriptableObject or no base class at all
UnityEngine.StackTraceUtility:ExtractStackTrace ()
UnityEngine.MonoBehaviour:.ctor ()
Lighting:.ctor () (at Assets/Custom RP/Runtime/Lighting.cs:17)
CameraRenderer:.ctor () (at Assets/Custom RP/Runtime/CameraRenderer.cs:17)
CustomRenderPipeline:.ctor (bool,bool,bool,ShadowSettings) (at Assets/Custom RP/Runtime/CustomRenderPipeline.cs:6)
CustomRenderPipelineAsset:CreatePipeline () (at Assets/Custom RP/Runtime/CustomRenderPipelineAsset.cs:12)
UnityEngine.Rendering.RenderPipelineAsset:InternalCreatePipeline ()
UnityEngine.Rendering.RenderPipelineManager:PrepareRenderPipeline (UnityEngine.Rendering.RenderPipelineAsset)
UnityEngine.Rendering.RenderPipelineManager:DoRenderLoop_Internal (UnityEngine.Rendering.RenderPipelineAsset,intptr,System.Collections.Generic.List`1<UnityEngine.Camera/RenderRequest>,Unity.Collections.LowLevel.Unsafe.AtomicSafetyHandle)
UnityEditor.PreviewRenderUtility:Render (bool,bool)
UnityEditor.MaterialEditor:DoRenderPreview (UnityEditor.PreviewRenderUtility,bool)
UnityEditor.MaterialEditor:RenderStaticPreview (string,UnityEngine.Object[],int,int)
UnityEditor.AssetPreviewUpdater:CreatePreview (UnityEngine.Object,UnityEngine.Object[],string,int,int)
UnityEditor.AssetPreviewUpdater:CreatePreviewForAsset (UnityEngine.Object,UnityEngine.Object[],string)

[C:\buildslave\unity\build\Runtime\Mono\MonoBehaviour.cpp line 137]

 -> (artifact id: '2bb4a1a16730b62380001220cac18ac3') in 0.265789 seconds 
========================================================================
Received Import Request.
  Time since last request: 0.000021 seconds.
  path: Assets/Test Materials/Unlit Red Opaque.mat
  artifactKey: Guid(b49fb4a37819f4fd1b58ff3e374e7cc1) Importer(815301076,1909f56bfc062723c751e8b465ee728b)
Start importing Assets/Test Materials/Unlit Red Opaque.mat using Guid(b49fb4a37819f4fd1b58ff3e374e7cc1) Importer(815301076,1909f56bfc062723c751e8b465ee728b)  -> (artifact id: '9758d49136ad99dedf64bf11f90c6222') in 0.012029 seconds 
========================================================================
Received Import Request.
  Time since last request: 0.000149 seconds.
  path: Assets/Test Materials/Unlit Yellow Transparent.mat
  artifactKey: Guid(f622cecbb39254e169592126596c3ca4) Importer(815301076,1909f56bfc062723c751e8b465ee728b)
Start importing Assets/Test Materials/Unlit Yellow Transparent.mat using Guid(f622cecbb39254e169592126596c3ca4) Importer(815301076,1909f56bfc062723c751e8b465ee728b)  -> (artifact id: '7dbea0230825df0e201553bd856f3947') in 0.020226 seconds 
Editor requested this worker to shutdown with reason: Scaling down because of idle timeout
AssetImportWorker is now disconnected from the server
Process exiting
Exiting without the bug reporter. Application will terminate with return code 0