Using pre-set license
Built from '2021.2/release' branch; Version is '2021.2.0f1 (4bf1ec4b23c9) revision 4977132'; Using compiler version '192829333'; Build Type 'Release'
OS: 'Windows 10 Pro; OS build 19044.1889; Version 2009; 64bit' Language: 'zh' Physical Memory: 32489 MB
BatchMode: 1, IsHumanControllingUs: 0, StartBugReporterOnCrash: 0, Is64bit: 1, IsPro: 0

COMMAND LINE ARGUMENTS:
C:\Program Files\Unity 2021.2.0f1\Editor\Unity.exe
-adb2
-batchMode
-noUpm
-name
AssetImportWorker0
-projectPath
C:/Users/Admin/Downloads/custom-srp-02-draw-calls-master-main-main
-logFile
Logs/AssetImportWorker0.log
-srvPort
49950
Successfully changed project path to: C:/Users/Admin/Downloads/custom-srp-02-draw-calls-master-main-main
C:/Users/Admin/Downloads/custom-srp-02-draw-calls-master-main-main
[UnityMemory] Configuration Parameters - Can be set up in boot.config
    "memorysetup-bucket-allocator-granularity=16"
    "memorysetup-bucket-allocator-bucket-count=8"
    "memorysetup-bucket-allocator-block-size=33554432"
    "memorysetup-bucket-allocator-block-count=8"
    "memorysetup-main-allocator-block-size=16777216"
    "memorysetup-thread-allocator-block-size=16777216"
    "memorysetup-gfx-main-allocator-block-size=16777216"
    "memorysetup-gfx-thread-allocator-block-size=16777216"
    "memorysetup-cache-allocator-block-size=4194304"
    "memorysetup-typetree-allocator-block-size=2097152"
    "memorysetup-profiler-bucket-allocator-granularity=16"
    "memorysetup-profiler-bucket-allocator-bucket-count=8"
    "memorysetup-profiler-bucket-allocator-block-size=33554432"
    "memorysetup-profiler-bucket-allocator-block-count=8"
    "memorysetup-profiler-allocator-block-size=16777216"
    "memorysetup-profiler-editor-allocator-block-size=1048576"
    "memorysetup-temp-allocator-size-main=16777216"
    "memorysetup-job-temp-allocator-block-size=2097152"
    "memorysetup-job-temp-allocator-block-size-background=1048576"
    "memorysetup-job-temp-allocator-reduction-small-platforms=262144"
    "memorysetup-temp-allocator-size-background-worker=32768"
    "memorysetup-temp-allocator-size-job-worker=262144"
    "memorysetup-temp-allocator-size-preload-manager=33554432"
    "memorysetup-temp-allocator-size-nav-mesh-worker=65536"
    "memorysetup-temp-allocator-size-audio-worker=65536"
    "memorysetup-temp-allocator-size-cloud-worker=32768"
    "memorysetup-temp-allocator-size-gi-baking-worker=262144"
    "memorysetup-temp-allocator-size-gfx=262144"
Refreshing native plugins compatible for Editor in 14.53 ms, found 0 plugins.
Preloading 0 native plugins for Editor in 0.00 ms.
Initialize engine version: 2021.2.0f1 (4bf1ec4b23c9)
[Subsystems] Discovering subsystems at path C:/Program Files/Unity 2021.2.0f1/Editor/Data/Resources/UnitySubsystems
[Subsystems] Discovering subsystems at path C:/Users/Admin/Downloads/custom-srp-02-draw-calls-master-main-main/Assets
GfxDevice: creating device client; threaded=0; jobified=0
Direct3D:
    Version:  Direct3D 11.0 [level 11.1]
    Renderer: NVIDIA GeForce GTX 1660 SUPER (ID=0x21c4)
    Vendor:   NVIDIA
    VRAM:     5992 MB
    Driver:   30.0.15.1277
Initialize mono
Mono path[0] = 'C:/Program Files/Unity 2021.2.0f1/Editor/Data/Managed'
Mono path[1] = 'C:/Program Files/Unity 2021.2.0f1/Editor/Data/MonoBleedingEdge/lib/mono/unityjit-win32'
Mono config path = 'C:/Program Files/Unity 2021.2.0f1/Editor/Data/MonoBleedingEdge/etc'
Using monoOptions --debugger-agent=transport=dt_socket,embedding=1,server=y,suspend=n,address=127.0.0.1:56360
Begin MonoManager ReloadAssembly
Registering precompiled unity dll's ...
Register platform support module: C:/Program Files/Unity 2021.2.0f1/Editor/Data/PlaybackEngines/WindowsStandaloneSupport/UnityEditor.WindowsStandalone.Extensions.dll
Registered in 0.004964 seconds.
Native extension for WindowsStandalone target not found
Refreshing native plugins compatible for Editor in 13.50 ms, found 0 plugins.
Preloading 0 native plugins for Editor in 0.00 ms.
Mono: successfully reloaded assembly
- Completed reload, in  0.813 seconds
Domain Reload Profiling:
	ReloadAssembly (814ms)
		BeginReloadAssembly (71ms)
			ExecutionOrderSort (0ms)
			DisableScriptedObjects (0ms)
			BackupInstance (0ms)
			ReleaseScriptingObjects (0ms)
			CreateAndSetChildDomain (1ms)
		EndReloadAssembly (363ms)
			LoadAssemblies (70ms)
			RebuildTransferFunctionScriptingTraits (0ms)
			SetupTypeCache (85ms)
			ReleaseScriptCaches (0ms)
			RebuildScriptCaches (29ms)
			SetupLoadedEditorAssemblies (202ms)
				LogAssemblyErrors (0ms)
				InitializePlatformSupportModulesInManaged (7ms)
				SetLoadedEditorAssemblies (0ms)
				RefreshPlugins (14ms)
				BeforeProcessingInitializeOnLoad (2ms)
				ProcessInitializeOnLoadAttributes (127ms)
				ProcessInitializeOnLoadMethodAttributes (52ms)
				AfterProcessingInitializeOnLoad (0ms)
				EditorAssembliesLoaded (0ms)
			ExecutionOrderSort2 (0ms)
			AwakeInstancesAfterBackupRestoration (0ms)
Platform modules already initialized, skipping
Registering precompiled user dll's ...
Registered in 0.001280 seconds.
Begin MonoManager ReloadAssembly
Native extension for WindowsStandalone target not found
Refreshing native plugins compatible for Editor in 10.80 ms, found 0 plugins.
Preloading 0 native plugins for Editor in 0.00 ms.
Mono: successfully reloaded assembly
- Completed reload, in  0.665 seconds
Domain Reload Profiling:
	ReloadAssembly (667ms)
		BeginReloadAssembly (163ms)
			ExecutionOrderSort (0ms)
			DisableScriptedObjects (5ms)
			BackupInstance (0ms)
			ReleaseScriptingObjects (0ms)
			CreateAndSetChildDomain (18ms)
		EndReloadAssembly (426ms)
			LoadAssemblies (69ms)
			RebuildTransferFunctionScriptingTraits (0ms)
			SetupTypeCache (92ms)
			ReleaseScriptCaches (0ms)
			RebuildScriptCaches (29ms)
			SetupLoadedEditorAssemblies (174ms)
				LogAssemblyErrors (0ms)
				InitializePlatformSupportModulesInManaged (10ms)
				SetLoadedEditorAssemblies (0ms)
				RefreshPlugins (11ms)
				BeforeProcessingInitializeOnLoad (30ms)
				ProcessInitializeOnLoadAttributes (100ms)
				ProcessInitializeOnLoadMethodAttributes (17ms)
				AfterProcessingInitializeOnLoad (6ms)
				EditorAssembliesLoaded (0ms)
			ExecutionOrderSort2 (0ms)
			AwakeInstancesAfterBackupRestoration (5ms)
Platform modules already initialized, skipping
========================================================================
Worker process is ready to serve import requests
Launched and connected shader compiler UnityShaderCompiler.exe after 0.03 seconds
Refreshing native plugins compatible for Editor in 0.12 ms, found 0 plugins.
Preloading 0 native plugins for Editor in 0.00 ms.
Unloading 711 Unused Serialized files (Serialized files now loaded: 0)
Unloading 9 unused Assets / (57.8 KB). Loaded Objects now: 1183.
Memory consumption went from 46.4 MB to 46.3 MB.
Total: 2.043700 ms (FindLiveObjects: 0.102700 ms CreateObjectMapping: 0.014200 ms MarkObjects: 1.841800 ms  DeleteObjects: 0.083300 ms)

AssetImportParameters requested are different than current active one (requested -> active):
  custom:video-decoder-ogg-theora: a1e56fd34408186e4bbccfd4996cb3dc -> 
  custom:container-muxer-webm: aa71ff27fc2769a1b78a27578f13a17b -> 
  custom:container-demuxer-webm: 4f35f7cbe854078d1ac9338744f61a02 -> 
  custom:video-encoder-webm-vp8: eb34c28f22e8b96e1ab97ce403110664 -> 
  custom:audio-encoder-webm-vorbis: bf7c407c2cedff20999df2af8eb42d56 -> 
  custom:framework-win-MediaFoundation: 216162199b28c13a410421893ffa2e32 -> 
  custom:container-demuxer-ogg: 62fdf1f143b41e24485cea50d1cbac27 -> 
  custom:video-decoder-webm-vp8: 9c59270c3fd7afecdb556c50c9e8de78 -> 
  custom:audio-decoder-ogg-vorbis: bf7c407c2cedff20999df2af8eb42d56 -> 
========================================================================
Received Import Request.
  Time since last request: 98.158460 seconds.
  path: Assets/Custom RP.asset
  artifactKey: Guid(23d4a953f4fe940e6a9ab141ea93f599) Importer(815301076,1909f56bfc062723c751e8b465ee728b)
Start importing Assets/Custom RP.asset using Guid(23d4a953f4fe940e6a9ab141ea93f599) Importer(815301076,1909f56bfc062723c751e8b465ee728b)  -> (artifact id: '45f836f15327b8f79b6c83751e4eb0a3') in 0.041856 seconds 
========================================================================
Received Import Request.
  Time since last request: 1695.321740 seconds.
  path: Assets/Custom RP/Runtime/Shadow.cs
  artifactKey: Guid(5770e8918a43e354ea354ee036d9d483) Importer(815301076,1909f56bfc062723c751e8b465ee728b)
Start importing Assets/Custom RP/Runtime/Shadow.cs using Guid(5770e8918a43e354ea354ee036d9d483) Importer(815301076,1909f56bfc062723c751e8b465ee728b)  -> (artifact id: '69d2c85fa5d335b2b77dbfa2e30c6f6d') in 0.004718 seconds 
========================================================================
Received Prepare
Registering precompiled user dll's ...
Registered in 0.002948 seconds.
Begin MonoManager ReloadAssembly
Native extension for WindowsStandalone target not found
Refreshing native plugins compatible for Editor in 0.19 ms, found 0 plugins.
Preloading 0 native plugins for Editor in 0.00 ms.
Mono: successfully reloaded assembly
- Completed reload, in  0.883 seconds
Domain Reload Profiling:
	ReloadAssembly (883ms)
		BeginReloadAssembly (182ms)
			ExecutionOrderSort (0ms)
			DisableScriptedObjects (10ms)
			BackupInstance (0ms)
			ReleaseScriptingObjects (0ms)
			CreateAndSetChildDomain (32ms)
		EndReloadAssembly (578ms)
			LoadAssemblies (119ms)
			RebuildTransferFunctionScriptingTraits (0ms)
			SetupTypeCache (147ms)
			ReleaseScriptCaches (1ms)
			RebuildScriptCaches (37ms)
			SetupLoadedEditorAssemblies (189ms)
				LogAssemblyErrors (0ms)
				InitializePlatformSupportModulesInManaged (17ms)
				SetLoadedEditorAssemblies (0ms)
				RefreshPlugins (0ms)
				BeforeProcessingInitializeOnLoad (43ms)
				ProcessInitializeOnLoadAttributes (100ms)
				ProcessInitializeOnLoadMethodAttributes (18ms)
				AfterProcessingInitializeOnLoad (9ms)
				EditorAssembliesLoaded (0ms)
			ExecutionOrderSort2 (0ms)
			AwakeInstancesAfterBackupRestoration (8ms)
Platform modules already initialized, skipping
Refreshing native plugins compatible for Editor in 0.12 ms, found 0 plugins.
Preloading 0 native plugins for Editor in 0.00 ms.
Unloading 701 Unused Serialized files (Serialized files now loaded: 0)
Unloading 6 unused Assets / (24.5 KB). Loaded Objects now: 1185.
Memory consumption went from 45.8 MB to 45.8 MB.
Total: 2.601400 ms (FindLiveObjects: 0.104200 ms CreateObjectMapping: 0.022300 ms MarkObjects: 1.956200 ms  DeleteObjects: 0.517000 ms)

AssetImportParameters requested are different than current active one (requested -> active):
  custom:video-decoder-ogg-theora: a1e56fd34408186e4bbccfd4996cb3dc -> 
  custom:container-muxer-webm: aa71ff27fc2769a1b78a27578f13a17b -> 
  custom:container-demuxer-webm: 4f35f7cbe854078d1ac9338744f61a02 -> 
  custom:video-encoder-webm-vp8: eb34c28f22e8b96e1ab97ce403110664 -> 
  custom:audio-encoder-webm-vorbis: bf7c407c2cedff20999df2af8eb42d56 -> 
  custom:framework-win-MediaFoundation: 216162199b28c13a410421893ffa2e32 -> 
  custom:container-demuxer-ogg: 62fdf1f143b41e24485cea50d1cbac27 -> 
  custom:video-decoder-webm-vp8: 9c59270c3fd7afecdb556c50c9e8de78 -> 
  custom:audio-decoder-ogg-vorbis: bf7c407c2cedff20999df2af8eb42d56 -> 
========================================================================
Received Import Request.
  Time since last request: 1100.356811 seconds.
  path: Assets/Custom RP/Runtime/Shadow.cs
  artifactKey: Guid(5770e8918a43e354ea354ee036d9d483) Importer(815301076,1909f56bfc062723c751e8b465ee728b)
Start importing Assets/Custom RP/Runtime/Shadow.cs using Guid(5770e8918a43e354ea354ee036d9d483) Importer(815301076,1909f56bfc062723c751e8b465ee728b)  -> (artifact id: 'b104861aa63ef975366dceb10c30ed02') in 0.004869 seconds 
========================================================================
Received Import Request.
  Time since last request: 110.443176 seconds.
  path: Assets/Custom RP.asset
  artifactKey: Guid(23d4a953f4fe940e6a9ab141ea93f599) Importer(815301076,1909f56bfc062723c751e8b465ee728b)
Start importing Assets/Custom RP.asset using Guid(23d4a953f4fe940e6a9ab141ea93f599) Importer(815301076,1909f56bfc062723c751e8b465ee728b)  -> (artifact id: '1fb8f658db1c66f66970c634b19c5da4') in 0.013142 seconds 
========================================================================
Received Import Request.
  Time since last request: 525.149649 seconds.
  path: Assets/Custom RP.asset
  artifactKey: Guid(23d4a953f4fe940e6a9ab141ea93f599) Importer(815301076,1909f56bfc062723c751e8b465ee728b)
Start importing Assets/Custom RP.asset using Guid(23d4a953f4fe940e6a9ab141ea93f599) Importer(815301076,1909f56bfc062723c751e8b465ee728b)  -> (artifact id: '3fc286675abbd9dbe06487df74ca34e3') in 0.003389 seconds 
========================================================================
Received Prepare
Registering precompiled user dll's ...
Registered in 0.002291 seconds.
Begin MonoManager ReloadAssembly
Native extension for WindowsStandalone target not found
Refreshing native plugins compatible for Editor in 0.27 ms, found 0 plugins.
Preloading 0 native plugins for Editor in 0.00 ms.
Mono: successfully reloaded assembly
- Completed reload, in  0.843 seconds
Domain Reload Profiling:
	ReloadAssembly (845ms)
		BeginReloadAssembly (180ms)
			ExecutionOrderSort (0ms)
			DisableScriptedObjects (7ms)
			BackupInstance (0ms)
			ReleaseScriptingObjects (0ms)
			CreateAndSetChildDomain (32ms)
		EndReloadAssembly (565ms)
			LoadAssemblies (113ms)
			RebuildTransferFunctionScriptingTraits (0ms)
			SetupTypeCache (117ms)
			ReleaseScriptCaches (0ms)
			RebuildScriptCaches (27ms)
			SetupLoadedEditorAssemblies (237ms)
				LogAssemblyErrors (0ms)
				InitializePlatformSupportModulesInManaged (18ms)
				SetLoadedEditorAssemblies (1ms)
				RefreshPlugins (1ms)
				BeforeProcessingInitializeOnLoad (48ms)
				ProcessInitializeOnLoadAttributes (122ms)
				ProcessInitializeOnLoadMethodAttributes (28ms)
				AfterProcessingInitializeOnLoad (19ms)
				EditorAssembliesLoaded (0ms)
			ExecutionOrderSort2 (0ms)
			AwakeInstancesAfterBackupRestoration (8ms)
Platform modules already initialized, skipping
Refreshing native plugins compatible for Editor in 0.13 ms, found 0 plugins.
Preloading 0 native plugins for Editor in 0.00 ms.
Unloading 701 Unused Serialized files (Serialized files now loaded: 0)
Unloading 6 unused Assets / (24.5 KB). Loaded Objects now: 1187.
Memory consumption went from 45.8 MB to 45.7 MB.
Total: 2.488100 ms (FindLiveObjects: 0.134400 ms CreateObjectMapping: 0.029400 ms MarkObjects: 1.949500 ms  DeleteObjects: 0.373300 ms)

AssetImportParameters requested are different than current active one (requested -> active):
  custom:video-decoder-ogg-theora: a1e56fd34408186e4bbccfd4996cb3dc -> 
  custom:container-muxer-webm: aa71ff27fc2769a1b78a27578f13a17b -> 
  custom:container-demuxer-webm: 4f35f7cbe854078d1ac9338744f61a02 -> 
  custom:video-encoder-webm-vp8: eb34c28f22e8b96e1ab97ce403110664 -> 
  custom:audio-encoder-webm-vorbis: bf7c407c2cedff20999df2af8eb42d56 -> 
  custom:framework-win-MediaFoundation: 216162199b28c13a410421893ffa2e32 -> 
  custom:container-demuxer-ogg: 62fdf1f143b41e24485cea50d1cbac27 -> 
  custom:video-decoder-webm-vp8: 9c59270c3fd7afecdb556c50c9e8de78 -> 
  custom:audio-decoder-ogg-vorbis: bf7c407c2cedff20999df2af8eb42d56 -> 
========================================================================
Received Prepare
Registering precompiled user dll's ...
Registered in 0.003612 seconds.
Begin MonoManager ReloadAssembly
Native extension for WindowsStandalone target not found
Refreshing native plugins compatible for Editor in 0.12 ms, found 0 plugins.
Preloading 0 native plugins for Editor in 0.00 ms.
Mono: successfully reloaded assembly
- Completed reload, in  0.753 seconds
Domain Reload Profiling:
	ReloadAssembly (755ms)
		BeginReloadAssembly (163ms)
			ExecutionOrderSort (0ms)
			DisableScriptedObjects (7ms)
			BackupInstance (0ms)
			ReleaseScriptingObjects (0ms)
			CreateAndSetChildDomain (31ms)
		EndReloadAssembly (502ms)
			LoadAssemblies (101ms)
			RebuildTransferFunctionScriptingTraits (0ms)
			SetupTypeCache (112ms)
			ReleaseScriptCaches (0ms)
			RebuildScriptCaches (26ms)
			SetupLoadedEditorAssemblies (190ms)
				LogAssemblyErrors (0ms)
				InitializePlatformSupportModulesInManaged (14ms)
				SetLoadedEditorAssemblies (0ms)
				RefreshPlugins (0ms)
				BeforeProcessingInitializeOnLoad (37ms)
				ProcessInitializeOnLoadAttributes (107ms)
				ProcessInitializeOnLoadMethodAttributes (21ms)
				AfterProcessingInitializeOnLoad (10ms)
				EditorAssembliesLoaded (0ms)
			ExecutionOrderSort2 (0ms)
			AwakeInstancesAfterBackupRestoration (7ms)
Platform modules already initialized, skipping
Refreshing native plugins compatible for Editor in 0.12 ms, found 0 plugins.
Preloading 0 native plugins for Editor in 0.00 ms.
Unloading 700 Unused Serialized files (Serialized files now loaded: 0)
Unloading 5 unused Assets / (24.6 KB). Loaded Objects now: 1189.
Memory consumption went from 45.8 MB to 45.8 MB.
Total: 3.193300 ms (FindLiveObjects: 0.225500 ms CreateObjectMapping: 0.075800 ms MarkObjects: 2.868100 ms  DeleteObjects: 0.022500 ms)

AssetImportParameters requested are different than current active one (requested -> active):
  custom:video-decoder-ogg-theora: a1e56fd34408186e4bbccfd4996cb3dc -> 
  custom:container-muxer-webm: aa71ff27fc2769a1b78a27578f13a17b -> 
  custom:container-demuxer-webm: 4f35f7cbe854078d1ac9338744f61a02 -> 
  custom:video-encoder-webm-vp8: eb34c28f22e8b96e1ab97ce403110664 -> 
  custom:audio-encoder-webm-vorbis: bf7c407c2cedff20999df2af8eb42d56 -> 
  custom:framework-win-MediaFoundation: 216162199b28c13a410421893ffa2e32 -> 
  custom:container-demuxer-ogg: 62fdf1f143b41e24485cea50d1cbac27 -> 
  custom:video-decoder-webm-vp8: 9c59270c3fd7afecdb556c50c9e8de78 -> 
  custom:audio-decoder-ogg-vorbis: bf7c407c2cedff20999df2af8eb42d56 -> 
========================================================================
Received Import Request.
  Time since last request: 1354.515383 seconds.
  path: Assets/Custom RP/ShaderLibrary/shadow.hlsl
  artifactKey: Guid(7a265ae4ff900b34dacf01c69ebb235d) Importer(815301076,1909f56bfc062723c751e8b465ee728b)
Start importing Assets/Custom RP/ShaderLibrary/shadow.hlsl using Guid(7a265ae4ff900b34dacf01c69ebb235d) Importer(815301076,1909f56bfc062723c751e8b465ee728b)  -> (artifact id: '874325f941f6b4252c3fecc3c711afc7') in 0.024854 seconds 
========================================================================
Received Import Request.
  Time since last request: 1049.642149 seconds.
  path: Assets/Custom RP/ShaderLibrary/Light.hlsl
  artifactKey: Guid(48438dc764baf4749b7cfad37704d49c) Importer(815301076,1909f56bfc062723c751e8b465ee728b)
Start importing Assets/Custom RP/ShaderLibrary/Light.hlsl using Guid(48438dc764baf4749b7cfad37704d49c) Importer(815301076,1909f56bfc062723c751e8b465ee728b)  -> (artifact id: '1633fa6980acb096951192c5da66df14') in 0.003524 seconds 
========================================================================
Received Import Request.
  Time since last request: 0.000021 seconds.
  path: Assets/Custom RP/ShaderLibrary/shadow.hlsl
  artifactKey: Guid(7a265ae4ff900b34dacf01c69ebb235d) Importer(815301076,1909f56bfc062723c751e8b465ee728b)
Start importing Assets/Custom RP/ShaderLibrary/shadow.hlsl using Guid(7a265ae4ff900b34dacf01c69ebb235d) Importer(815301076,1909f56bfc062723c751e8b465ee728b)  -> (artifact id: '17fd06bce968dbeb2637f3f46a1cdb15') in 0.003079 seconds 
========================================================================
Received Import Request.
  Time since last request: 213.360213 seconds.
  path: Assets/Custom RP/Runtime/ShadowSettings.cs
  artifactKey: Guid(63f1992dcc4f1bf4fbd0c126f58a7a25) Importer(815301076,1909f56bfc062723c751e8b465ee728b)
Start importing Assets/Custom RP/Runtime/ShadowSettings.cs using Guid(63f1992dcc4f1bf4fbd0c126f58a7a25) Importer(815301076,1909f56bfc062723c751e8b465ee728b)  -> (artifact id: 'c77936ca46996024a32b643894336920') in 0.003237 seconds 
========================================================================
Received Import Request.
  Time since last request: 0.409162 seconds.
  path: Assets/Custom RP/Runtime/Shadow.cs
  artifactKey: Guid(5770e8918a43e354ea354ee036d9d483) Importer(815301076,1909f56bfc062723c751e8b465ee728b)
Start importing Assets/Custom RP/Runtime/Shadow.cs using Guid(5770e8918a43e354ea354ee036d9d483) Importer(815301076,1909f56bfc062723c751e8b465ee728b)  -> (artifact id: '141d859a3730a2119287204574d29762') in 0.002613 seconds 
========================================================================
Received Import Request.
  Time since last request: 1664.266265 seconds.
  path: Assets/Custom RP/ShaderLibrary/Common.hlsl
  artifactKey: Guid(921873fe4a5914b0a8f141f07893698d) Importer(815301076,1909f56bfc062723c751e8b465ee728b)
Start importing Assets/Custom RP/ShaderLibrary/Common.hlsl using Guid(921873fe4a5914b0a8f141f07893698d) Importer(815301076,1909f56bfc062723c751e8b465ee728b)  -> (artifact id: 'af7db7ba2b95f77b367d8d824396dba9') in 0.003658 seconds 
========================================================================
Received Import Request.
  Time since last request: 9237.976692 seconds.
  path: Assets/Custom RP.asset
  artifactKey: Guid(23d4a953f4fe940e6a9ab141ea93f599) Importer(815301076,1909f56bfc062723c751e8b465ee728b)
Start importing Assets/Custom RP.asset using Guid(23d4a953f4fe940e6a9ab141ea93f599) Importer(815301076,1909f56bfc062723c751e8b465ee728b)  -> (artifact id: 'aec93985da0409a326fea644dcf3fbf7') in 0.024182 seconds 
========================================================================
Received Import Request.
  Time since last request: 743.360002 seconds.
  path: Assets/Custom RP.asset
  artifactKey: Guid(23d4a953f4fe940e6a9ab141ea93f599) Importer(815301076,1909f56bfc062723c751e8b465ee728b)
Start importing Assets/Custom RP.asset using Guid(23d4a953f4fe940e6a9ab141ea93f599) Importer(815301076,1909f56bfc062723c751e8b465ee728b)  -> (artifact id: '456c68595495fe3f95c1c1ed2e07c6e1') in 0.004182 seconds 
========================================================================
Received Prepare
Registering precompiled user dll's ...
Registered in 0.002302 seconds.
Begin MonoManager ReloadAssembly
Native extension for WindowsStandalone target not found
Refreshing native plugins compatible for Editor in 0.13 ms, found 0 plugins.
Preloading 0 native plugins for Editor in 0.00 ms.
Mono: successfully reloaded assembly
- Completed reload, in  0.742 seconds
Domain Reload Profiling:
	ReloadAssembly (744ms)
		BeginReloadAssembly (182ms)
			ExecutionOrderSort (0ms)
			DisableScriptedObjects (11ms)
			BackupInstance (0ms)
			ReleaseScriptingObjects (0ms)
			CreateAndSetChildDomain (44ms)
		EndReloadAssembly (465ms)
			LoadAssemblies (98ms)
			RebuildTransferFunctionScriptingTraits (0ms)
			SetupTypeCache (108ms)
			ReleaseScriptCaches (1ms)
			RebuildScriptCaches (27ms)
			SetupLoadedEditorAssemblies (168ms)
				LogAssemblyErrors (0ms)
				InitializePlatformSupportModulesInManaged (15ms)
				SetLoadedEditorAssemblies (0ms)
				RefreshPlugins (0ms)
				BeforeProcessingInitializeOnLoad (34ms)
				ProcessInitializeOnLoadAttributes (92ms)
				ProcessInitializeOnLoadMethodAttributes (17ms)
				AfterProcessingInitializeOnLoad (10ms)
				EditorAssembliesLoaded (0ms)
			ExecutionOrderSort2 (0ms)
			AwakeInstancesAfterBackupRestoration (7ms)
Platform modules already initialized, skipping
Refreshing native plugins compatible for Editor in 0.15 ms, found 0 plugins.
Preloading 0 native plugins for Editor in 0.00 ms.
Unloading 701 Unused Serialized files (Serialized files now loaded: 0)
Unloading 6 unused Assets / (24.6 KB). Loaded Objects now: 1191.
Memory consumption went from 45.8 MB to 45.8 MB.
Total: 2.157800 ms (FindLiveObjects: 0.076800 ms CreateObjectMapping: 0.031900 ms MarkObjects: 1.758000 ms  DeleteObjects: 0.290200 ms)

AssetImportParameters requested are different than current active one (requested -> active):
  custom:video-decoder-ogg-theora: a1e56fd34408186e4bbccfd4996cb3dc -> 
  custom:container-muxer-webm: aa71ff27fc2769a1b78a27578f13a17b -> 
  custom:container-demuxer-webm: 4f35f7cbe854078d1ac9338744f61a02 -> 
  custom:video-encoder-webm-vp8: eb34c28f22e8b96e1ab97ce403110664 -> 
  custom:audio-encoder-webm-vorbis: bf7c407c2cedff20999df2af8eb42d56 -> 
  custom:framework-win-MediaFoundation: 216162199b28c13a410421893ffa2e32 -> 
  custom:container-demuxer-ogg: 62fdf1f143b41e24485cea50d1cbac27 -> 
  custom:video-decoder-webm-vp8: 9c59270c3fd7afecdb556c50c9e8de78 -> 
  custom:audio-decoder-ogg-vorbis: bf7c407c2cedff20999df2af8eb42d56 -> 
========================================================================
Received Import Request.
  Time since last request: 686.364911 seconds.
  path: Assets/Custom RP.asset
  artifactKey: Guid(23d4a953f4fe940e6a9ab141ea93f599) Importer(815301076,1909f56bfc062723c751e8b465ee728b)
Start importing Assets/Custom RP.asset using Guid(23d4a953f4fe940e6a9ab141ea93f599) Importer(815301076,1909f56bfc062723c751e8b465ee728b)  -> (artifact id: '71c7944fa176f8c529b5030d525f19dc') in 0.013365 seconds 
========================================================================
Received Import Request.
  Time since last request: 10711.699117 seconds.
  path: Assets/Custom RP/Runtime/CameraRenderer.Editor.cs
  artifactKey: Guid(f7117d16a1eb8460a870459aa0c75f09) Importer(815301076,1909f56bfc062723c751e8b465ee728b)
Start importing Assets/Custom RP/Runtime/CameraRenderer.Editor.cs using Guid(f7117d16a1eb8460a870459aa0c75f09) Importer(815301076,1909f56bfc062723c751e8b465ee728b)  -> (artifact id: 'ff8385dda9017984081dd713e99885b9') in 0.007643 seconds 
========================================================================
Received Import Request.
  Time since last request: 0.333124 seconds.
  path: Assets/Custom RP/Runtime/CustomRenderPipeline.cs
  artifactKey: Guid(f4b31ba9f94df4291bbb76c90b3da14c) Importer(815301076,1909f56bfc062723c751e8b465ee728b)
Start importing Assets/Custom RP/Runtime/CustomRenderPipeline.cs using Guid(f4b31ba9f94df4291bbb76c90b3da14c) Importer(815301076,1909f56bfc062723c751e8b465ee728b)  -> (artifact id: 'b8963c12636797f11054db8b095b0ba1') in 0.003296 seconds 
========================================================================
Received Import Request.
  Time since last request: 0.385586 seconds.
  path: Assets/Custom RP/Runtime/Lighting.cs
  artifactKey: Guid(4768159e1e95e944ea3270885f36e54f) Importer(815301076,1909f56bfc062723c751e8b465ee728b)
Start importing Assets/Custom RP/Runtime/Lighting.cs using Guid(4768159e1e95e944ea3270885f36e54f) Importer(815301076,1909f56bfc062723c751e8b465ee728b)  -> (artifact id: '07bb7b7d59fc7011f50ca21f2743fc9d') in 0.002930 seconds 
========================================================================
Received Prepare
Registering precompiled user dll's ...
Registered in 0.002792 seconds.
Begin MonoManager ReloadAssembly
Native extension for WindowsStandalone target not found
Refreshing native plugins compatible for Editor in 0.14 ms, found 0 plugins.
Preloading 0 native plugins for Editor in 0.00 ms.
Mono: successfully reloaded assembly
- Completed reload, in  0.847 seconds
Domain Reload Profiling:
	ReloadAssembly (848ms)
		BeginReloadAssembly (263ms)
			ExecutionOrderSort (0ms)
			DisableScriptedObjects (15ms)
			BackupInstance (0ms)
			ReleaseScriptingObjects (0ms)
			CreateAndSetChildDomain (56ms)
		EndReloadAssembly (497ms)
			LoadAssemblies (147ms)
			RebuildTransferFunctionScriptingTraits (0ms)
			SetupTypeCache (123ms)
			ReleaseScriptCaches (0ms)
			RebuildScriptCaches (29ms)
			SetupLoadedEditorAssemblies (174ms)
				LogAssemblyErrors (0ms)
				InitializePlatformSupportModulesInManaged (14ms)
				SetLoadedEditorAssemblies (1ms)
				RefreshPlugins (0ms)
				BeforeProcessingInitializeOnLoad (38ms)
				ProcessInitializeOnLoadAttributes (92ms)
				ProcessInitializeOnLoadMethodAttributes (18ms)
				AfterProcessingInitializeOnLoad (10ms)
				EditorAssembliesLoaded (0ms)
			ExecutionOrderSort2 (0ms)
			AwakeInstancesAfterBackupRestoration (7ms)
Platform modules already initialized, skipping
Refreshing native plugins compatible for Editor in 0.13 ms, found 0 plugins.
Preloading 0 native plugins for Editor in 0.00 ms.
Unloading 701 Unused Serialized files (Serialized files now loaded: 0)
Unloading 6 unused Assets / (24.6 KB). Loaded Objects now: 1193.
Memory consumption went from 45.8 MB to 45.8 MB.
Total: 2.674100 ms (FindLiveObjects: 0.106700 ms CreateObjectMapping: 0.017800 ms MarkObjects: 2.283300 ms  DeleteObjects: 0.265000 ms)

AssetImportParameters requested are different than current active one (requested -> active):
  custom:video-decoder-ogg-theora: a1e56fd34408186e4bbccfd4996cb3dc -> 
  custom:container-muxer-webm: aa71ff27fc2769a1b78a27578f13a17b -> 
  custom:container-demuxer-webm: 4f35f7cbe854078d1ac9338744f61a02 -> 
  custom:video-encoder-webm-vp8: eb34c28f22e8b96e1ab97ce403110664 -> 
  custom:audio-encoder-webm-vorbis: bf7c407c2cedff20999df2af8eb42d56 -> 
  custom:framework-win-MediaFoundation: 216162199b28c13a410421893ffa2e32 -> 
  custom:container-demuxer-ogg: 62fdf1f143b41e24485cea50d1cbac27 -> 
  custom:video-decoder-webm-vp8: 9c59270c3fd7afecdb556c50c9e8de78 -> 
  custom:audio-decoder-ogg-vorbis: bf7c407c2cedff20999df2af8eb42d56 -> 
========================================================================
Received Prepare
Registering precompiled user dll's ...
Registered in 0.002139 seconds.
Begin MonoManager ReloadAssembly
The file 'MemoryStream' is corrupted! Remove it and launch unity again!
[Position out of bounds!]
Fatal Error! The file 'MemoryStream' is corrupted! Remove it and launch unity again!
[Position out of bounds!]
Crash!!!
SymInit: Symbol-SearchPath: 'C:/Program Files/Unity 2021.2.0f1/Editor/Data/Mono;.;C:\Users\Admin\Downloads\custom-srp-02-draw-calls-master-main-main;C:\Users\Admin\Downloads\custom-srp-02-draw-calls-master-main-main\Library\BurstCache\JIT;C:\Program Files\Unity 2021.2.0f1\Editor;C:\Windows;C:\Windows\system32;SRV*C:\websymbols*http://msdl.microsoft.com/download/symbols;', symOptions: 534, UserName: 'Admin'
OS-Version: 10.0.0
C:\Program Files\Unity 2021.2.0f1\Editor\Unity.exe:Unity.exe (00007FF785560000), size: 72855552 (result: 0), SymType: '-deferred-', PDB: '', fileVersion: 2021.2.0.61932
C:\Windows\SYSTEM32\ntdll.dll:ntdll.dll (00007FFE34BF0000), size: 2064384 (result: 0), SymType: '-deferred-', PDB: '', fileVersion: 10.0.19041.1806
C:\Windows\System32\KERNEL32.DLL:KERNEL32.DLL (00007FFE335B0000), size: 774144 (result: 0), SymType: '-deferred-', PDB: '', fileVersion: 10.0.19041.1889
C:\Windows\System32\KERNELBASE.dll:KERNELBASE.dll (00007FFE327B0000), size: 2940928 (result: 0), SymType: '-deferred-', PDB: '', fileVersion: 10.0.19041.1889
C:\Windows\System32\TSafeDoc64.dll:TSafeDoc64.dll (00007FFE1CA90000), size: 5926912 (result: 0), SymType: '-deferred-', PDB: '', fileVersion: 4.63.707.0
C:\Windows\SYSTEM32\winhafnt64.dll:winhafnt64.dll (00007FFE1C8E0000), size: 1056768 (result: 0), SymType: '-deferred-', PDB: '', fileVersion: 4.63.711.0
C:\Windows\System32\WS2_32.dll:WS2_32.dll (00007FFE34060000), size: 438272 (result: 0), SymType: '-deferred-', PDB: '', fileVersion: 10.0.19041.546
C:\Windows\System32\USER32.dll:USER32.dll (00007FFE34A10000), size: 1703936 (result: 0), SymType: '-deferred-', PDB: '', fileVersion: 10.0.19041.1503
C:\Windows\System32\win32u.dll:win32u.dll (00007FFE32780000), size: 139264 (result: 0), SymType: '-deferred-', PDB: '', fileVersion: 10.0.19041.1889
C:\Windows\System32\RPCRT4.dll:RPCRT4.dll (00007FFE33D10000), size: 1200128 (result: 0), SymType: '-deferred-', PDB: '', fileVersion: 10.0.19041.1806
C:\Windows\System32\GDI32.dll:GDI32.dll (00007FFE33670000), size: 172032 (result: 0), SymType: '-deferred-', PDB: '', fileVersion: 10.0.19041.1620
C:\Windows\System32\ADVAPI32.dll:ADVAPI32.dll (00007FFE32E30000), size: 712704 (result: 0), SymType: '-deferred-', PDB: '', fileVersion: 10.0.19041.1682
C:\Windows\System32\gdi32full.dll:gdi32full.dll (00007FFE324A0000), size: 1093632 (result: 0), SymType: '-deferred-', PDB: '', fileVersion: 10.0.19041.1706
C:\Windows\System32\msvcrt.dll:msvcrt.dll (00007FFE33E40000), size: 647168 (result: 0), SymType: '-deferred-', PDB: '', fileVersion: 7.0.19041.546
C:\Windows\System32\msvcp_win.dll:msvcp_win.dll (00007FFE32B00000), size: 643072 (result: 0), SymType: '-deferred-', PDB: '', fileVersion: 10.0.19041.789
C:\Windows\System32\ucrtbase.dll:ucrtbase.dll (00007FFE323A0000), size: 1048576 (result: 0), SymType: '-deferred-', PDB: '', fileVersion: 10.0.19041.789
C:\Windows\System32\sechost.dll:sechost.dll (00007FFE32D90000), size: 638976 (result: 0), SymType: '-deferred-', PDB: '', fileVersion: 10.0.19041.1865
C:\Windows\SYSTEM32\WINSPOOL.DRV:WINSPOOL.DRV (00007FFE1C9F0000), size: 622592 (result: 0), SymType: '-deferred-', PDB: '', fileVersion: 10.0.19041.1865
C:\Windows\System32\SHELL32.dll:SHELL32.dll (00007FFE34140000), size: 7618560 (result: 0), SymType: '-deferred-', PDB: '', fileVersion: 10.0.19041.1865
C:\Windows\System32\ole32.dll:ole32.dll (00007FFE336A0000), size: 1220608 (result: 0), SymType: '-deferred-', PDB: '', fileVersion: 10.0.19041.1202
C:\Windows\System32\combase.dll:combase.dll (00007FFE339B0000), size: 3489792 (result: 0), SymType: '-deferred-', PDB: '', fileVersion: 10.0.19041.1741
C:\Windows\SYSTEM32\VERSION.dll:VERSION.dll (00007FFE2C7C0000), size: 40960 (result: 0), SymType: '-deferred-', PDB: '', fileVersion: 10.0.19041.546
C:\Windows\System32\OLEAUT32.dll:OLEAUT32.dll (00007FFE33470000), size: 839680 (result: 0), SymType: '-deferred-', PDB: '', fileVersion: 10.0.19041.985
C:\Windows\System32\CRYPT32.dll:CRYPT32.dll (00007FFE325B0000), size: 1400832 (result: 0), SymType: '-deferred-', PDB: '', fileVersion: 10.0.19041.1889
C:\Windows\SYSTEM32\MPR.dll:MPR.dll (00007FFE1C8C0000), size: 118784 (result: 0), SymType: '-deferred-', PDB: '', fileVersion: 10.0.19041.1806
C:\Windows\System32\SHLWAPI.dll:SHLWAPI.dll (00007FFE340D0000), size: 348160 (result: 0), SymType: '-deferred-', PDB: '', fileVersion: 10.0.19041.1706
C:\Program Files\Unity 2021.2.0f1\Editor\libfbxsdk.dll:libfbxsdk.dll (00007FFDB5F50000), size: 10215424 (result: 0), SymType: '-deferred-', PDB: '', fileVersion: 2020.2.0.0
C:\Windows\System32\IMM32.dll:IMM32.dll (00007FFE337D0000), size: 196608 (result: 0), SymType: '-deferred-', PDB: '', fileVersion: 10.0.19041.546
C:\Program Files\Unity 2021.2.0f1\Editor\optix.6.0.0.dll:optix.6.0.0.dll (00007FFE2B000000), size: 208896 (result: 0), SymType: '-deferred-', PDB: '', fileVersion: 6.0.0.0
C:\Program Files\Unity 2021.2.0f1\Editor\s3tcompress.dll:s3tcompress.dll (00007FFE2AE80000), size: 180224 (result: 0), SymType: '-deferred-', PDB: ''
C:\Windows\System32\SETUPAPI.dll:SETUPAPI.dll (00007FFE32EE0000), size: 4648960 (result: 0), SymType: '-deferred-', PDB: '', fileVersion: 10.0.19041.1741
C:\Windows\System32\cfgmgr32.dll:cfgmgr32.dll (00007FFE32AB0000), size: 319488 (result: 0), SymType: '-deferred-', PDB: '', fileVersion: 10.0.19041.1620
C:\Program Files\Unity 2021.2.0f1\Editor\etccompress.dll:etccompress.dll (00007FFDB6910000), size: 5066752 (result: 0), SymType: '-deferred-', PDB: ''
C:\Windows\System32\bcrypt.dll:bcrypt.dll (00007FFE32A80000), size: 159744 (result: 0), SymType: '-deferred-', PDB: '', fileVersion: 10.0.19041.1023
C:\Program Files\Unity 2021.2.0f1\Editor\ispc_texcomp.dll:ispc_texcomp.dll (00007FFDFD660000), size: 1740800 (result: 0), SymType: '-deferred-', PDB: ''
C:\Program Files\Unity 2021.2.0f1\Editor\compress_bc7e.dll:compress_bc7e.dll (00007FFDFCD80000), size: 1441792 (result: 0), SymType: '-deferred-', PDB: ''
C:\Program Files\Unity 2021.2.0f1\Editor\FreeImage.dll:FreeImage.dll (0000000180000000), size: 6582272 (result: 0), SymType: '-deferred-', PDB: '', fileVersion: 3.18.0.0
C:\Windows\System32\WINTRUST.dll:WINTRUST.dll (00007FFE32710000), size: 425984 (result: 0), SymType: '-deferred-', PDB: '', fileVersion: 10.0.19041.1865
C:\Program Files\Unity 2021.2.0f1\Editor\OpenImageDenoise.dll:OpenImageDenoise.dll (00007FFDB3A90000), size: 35123200 (result: 0), SymType: '-deferred-', PDB: '', fileVersion: 1.3.0.0
C:\Program Files\Unity 2021.2.0f1\Editor\WinPixEventRuntime.dll:WinPixEventRuntime.dll (00007FFE2AFF0000), size: 45056 (result: 0), SymType: '-deferred-', PDB: '', fileVersion: 1.0.1812.6001
C:\Program Files\Unity 2021.2.0f1\Editor\umbraoptimizer64.dll:umbraoptimizer64.dll (00007FFDE4B60000), size: 1187840 (result: 0), SymType: '-deferred-', PDB: ''
C:\Windows\SYSTEM32\OPENGL32.dll:OPENGL32.dll (00007FFDF44F0000), size: 1208320 (result: 0), SymType: '-deferred-', PDB: '', fileVersion: 10.0.19041.1806
C:\Windows\SYSTEM32\GLU32.dll:GLU32.dll (00007FFDF3D00000), size: 180224 (result: 0), SymType: '-deferred-', PDB: '', fileVersion: 10.0.19041.1806
C:\Windows\SYSTEM32\IPHLPAPI.DLL:IPHLPAPI.DLL (00007FFE31770000), size: 241664 (result: 0), SymType: '-deferred-', PDB: '', fileVersion: 10.0.19041.1865
C:\Windows\SYSTEM32\WINHTTP.dll:WINHTTP.dll (00007FFE2C280000), size: 1089536 (result: 0), SymType: '-deferred-', PDB: '', fileVersion: 10.0.19041.1682
C:\Windows\SYSTEM32\WINMM.dll:WINMM.dll (00007FFE2BCD0000), size: 159744 (result: 0), SymType: '-deferred-', PDB: '', fileVersion: 10.0.19041.546
C:\Windows\SYSTEM32\HID.DLL:HID.DLL (00007FFE30BD0000), size: 53248 (result: 0), SymType: '-deferred-', PDB: '', fileVersion: 10.0.19041.546
C:\Windows\SYSTEM32\dwmapi.dll:dwmapi.dll (00007FFE30020000), size: 192512 (result: 0), SymType: '-deferred-', PDB: '', fileVersion: 10.0.19041.746
C:\Program Files\Unity 2021.2.0f1\Editor\RadeonImageFilters.dll:RadeonImageFilters.dll (00007FFDB5C70000), size: 2961408 (result: 0), SymType: '-deferred-', PDB: '', fileVersion: 1.7.0.0
C:\Program Files\Unity 2021.2.0f1\Editor\SketchUpAPI.dll:SketchUpAPI.dll (00007FFDB31B0000), size: 9306112 (result: 0), SymType: '-deferred-', PDB: '', fileVersion: 20.2.172.0
C:\Windows\SYSTEM32\WSOCK32.dll:WSOCK32.dll (00007FFE2B710000), size: 36864 (result: 0), SymType: '-deferred-', PDB: '', fileVersion: 10.0.19041.1
C:\Program Files\Unity 2021.2.0f1\Editor\tbb12.dll:tbb12.dll (00007FFDFD600000), size: 389120 (result: 0), SymType: '-deferred-', PDB: ''
C:\Windows\SYSTEM32\MSVCP140.dll:MSVCP140.dll (00007FFE14D70000), size: 581632 (result: 0), SymType: '-deferred-', PDB: '', fileVersion: 14.32.31326.0
C:\Windows\SYSTEM32\VCRUNTIME140.dll:VCRUNTIME140.dll (00007FFE19C10000), size: 110592 (result: 0), SymType: '-deferred-', PDB: '', fileVersion: 14.32.31326.0
C:\Program Files\Unity 2021.2.0f1\Editor\RadeonML.dll:RadeonML.dll (00007FFE2A8B0000), size: 94208 (result: 0), SymType: '-deferred-', PDB: '', fileVersion: 0.9.11.0
C:\Program Files\Unity 2021.2.0f1\Editor\SketchUpCommonPreferences.dll:SketchUpCommonPreferences.dll (00007FFDD7DA0000), size: 479232 (result: 0), SymType: '-deferred-', PDB: '', fileVersion: 20.2.172.37
C:\Windows\SYSTEM32\Secur32.dll:Secur32.dll (00007FFE1A530000), size: 49152 (result: 0), SymType: '-deferred-', PDB: '', fileVersion: 10.0.19041.546
C:\Windows\SYSTEM32\VCRUNTIME140_1.dll:VCRUNTIME140_1.dll (00007FFE19B30000), size: 49152 (result: 0), SymType: '-deferred-', PDB: '', fileVersion: 14.32.31326.0
C:\Windows\SYSTEM32\SSPICLI.DLL:SSPICLI.DLL (00007FFE32200000), size: 204800 (result: 0), SymType: '-deferred-', PDB: '', fileVersion: 10.0.19041.1586
C:\Program Files\Unity 2021.2.0f1\Editor\OpenRL.dll:OpenRL.dll (000001ED28780000), size: 12779520 (result: 0), SymType: '-deferred-', PDB: '', fileVersion: 1.5.0.2907
C:\Windows\SYSTEM32\MSVCR100.dll:MSVCR100.dll (00000000540E0000), size: 860160 (result: 0), SymType: '-deferred-', PDB: '', fileVersion: 10.0.40219.473
C:\Windows\SYSTEM32\MSVCP100.dll:MSVCP100.dll (0000000053DF0000), size: 622592 (result: 0), SymType: '-deferred-', PDB: '', fileVersion: 10.0.40219.473
C:\Program Files\Unity 2021.2.0f1\Editor\embree.dll:embree.dll (00007FFDB21C0000), size: 16711680 (result: 0), SymType: '-deferred-', PDB: '', fileVersion: 2.14.0.0
C:\Windows\SYSTEM32\MSWSOCK.DLL:MSWSOCK.DLL (00007FFE31AD0000), size: 434176 (result: 0), SymType: '-deferred-', PDB: '', fileVersion: 10.0.19041.546
C:\Program Files\Unity 2021.2.0f1\Editor\tbb.dll:tbb.dll (00007FFDB7410000), size: 413696 (result: 0), SymType: '-deferred-', PDB: '', fileVersion: 2017.0.2016.1004
C:\Windows\SYSTEM32\MSVCP120.dll:MSVCP120.dll (00007FFDB2020000), size: 679936 (result: 0), SymType: '-deferred-', PDB: '', fileVersion: 12.0.40664.0
C:\Windows\SYSTEM32\MSVCR120.dll:MSVCR120.dll (00007FFDB20D0000), size: 978944 (result: 0), SymType: '-deferred-', PDB: '', fileVersion: 12.0.40664.0
C:\Program Files\Unity 2021.2.0f1\Editor\OpenRL_pthread.dll:OpenRL_pthread.dll (000001ED293D0000), size: 61440 (result: 0), SymType: '-deferred-', PDB: '', fileVersion: 2.9.0.0
C:\Windows\SYSTEM32\winhadnt64.dll:winhadnt64.dll (00007FFE19500000), size: 6307840 (result: 0), SymType: '-deferred-', PDB: '', fileVersion: 4.63.711.0
C:\Windows\SYSTEM32\DtFrame64.dll:DtFrame64.dll (00007FFE18B00000), size: 2273280 (result: 0), SymType: '-deferred-', PDB: '', fileVersion: 1.11.824.0
C:\Windows\SYSTEM32\TIjtdrvd64.dll:TIjtdrvd64.dll (00007FFE18440000), size: 200704 (result: 0), SymType: '-deferred-', PDB: '', fileVersion: 1.11.205.0
C:\Windows\SYSTEM32\DtsFrame64.dll:DtsFrame64.dll (00007FFE18310000), size: 1183744 (result: 0), SymType: '-deferred-', PDB: '', fileVersion: 1.11.804.0
C:\Windows\SYSTEM32\winbrohca64.dll:winbrohca64.dll (00007FFE18040000), size: 1536000 (result: 0), SymType: '-deferred-', PDB: '', fileVersion: 4.63.704.0
C:\Windows\SYSTEM32\OLEACC.dll:OLEACC.dll (00007FFE18EE0000), size: 417792 (result: 0), SymType: '-deferred-', PDB: '', fileVersion: 7.2.19041.746
C:\Windows\System32\comdlg32.dll:comdlg32.dll (00007FFE32C50000), size: 892928 (result: 0), SymType: '-deferred-', PDB: '', fileVersion: 10.0.19041.1806
C:\Windows\System32\shcore.dll:shcore.dll (00007FFE34890000), size: 708608 (result: 0), SymType: '-deferred-', PDB: '', fileVersion: 10.0.19041.1865
C:\Windows\WinSxS\amd64_microsoft.windows.common-controls_6595b64144ccf1df_6.0.19041.1110_none_60b5254171f9507e\COMCTL32.dll:COMCTL32.dll (00007FFE18F50000), size: 2727936 (result: 0), SymType: '-deferred-', PDB: '', fileVersion: 6.10.19041.1110
C:\Windows\SYSTEM32\WinUsb.dll:WinUsb.dll (00007FFE18E90000), size: 49152 (result: 0), SymType: '-deferred-', PDB: '', fileVersion: 10.0.19041.1
C:\Windows\System32\psapi.dll:psapi.dll (00007FFE34130000), size: 32768 (result: 0), SymType: '-deferred-', PDB: '', fileVersion: 10.0.19041.546
C:\Windows\SYSTEM32\TMailHook64.dll:TMailHook64.dll (00007FFE17CB0000), size: 1118208 (result: 0), SymType: '-deferred-', PDB: '', fileVersion: 4.62.417.0
C:\Windows\SYSTEM32\mapi32.dll:mapi32.dll (00007FFDD7EE0000), size: 184320 (result: 0), SymType: '-deferred-', PDB: '', fileVersion: 1.0.2536.0
C:\Windows\System32\imagehlp.dll:imagehlp.dll (00007FFE349F0000), size: 118784 (result: 0), SymType: '-deferred-', PDB: '', fileVersion: 10.0.19041.1415
C:\Windows\SYSTEM32\kernel.appcore.dll:kernel.appcore.dll (00007FFE30230000), size: 73728 (result: 0), SymType: '-deferred-', PDB: '', fileVersion: 10.0.19041.546
C:\Windows\SYSTEM32\hlink.dll:hlink.dll (00007FFDFDFF0000), size: 159744 (result: 0), SymType: '-deferred-', PDB: '', fileVersion: 10.0.19041.1826
C:\Windows\SYSTEM32\iertutil.dll:iertutil.dll (00007FFE27290000), size: 2822144 (result: 0), SymType: '-deferred-', PDB: '', fileVersion: 11.0.19041.1865
C:\Windows\SYSTEM32\SaveAsFileCheck64.dll:SaveAsFileCheck64.dll (00007FFDD7CB0000), size: 524288 (result: 0), SymType: '-deferred-', PDB: '', fileVersion: 4.61.122.0
C:\Program Files\Unity 2021.2.0f1\Editor\tbbmalloc.dll:tbbmalloc.dll (000001ED2C120000), size: 372736 (result: 0), SymType: '-deferred-', PDB: '', fileVersion: 2017.0.2016.1004
C:\Windows\SYSTEM32\MSASN1.dll:MSASN1.dll (00007FFE31F00000), size: 73728 (result: 0), SymType: '-deferred-', PDB: '', fileVersion: 10.0.19041.546
C:\Windows\System32\bcryptPrimitives.dll:bcryptPrimitives.dll (00007FFE32310000), size: 532480 (result: 0), SymType: '-deferred-', PDB: '', fileVersion: 10.0.19041.1415
C:\Windows\system32\uxtheme.dll:uxtheme.dll (00007FFE2FD50000), size: 647168 (result: 0), SymType: '-deferred-', PDB: '', fileVersion: 10.0.19041.1620
C:\Windows\SYSTEM32\windows.storage.dll:windows.storage.dll (00007FFE30430000), size: 7946240 (result: 0), SymType: '-deferred-', PDB: '', fileVersion: 10.0.19041.1865
C:\Windows\SYSTEM32\Wldp.dll:Wldp.dll (00007FFE31D70000), size: 196608 (result: 0), SymType: '-deferred-', PDB: '', fileVersion: 10.0.19041.1806
C:\Windows\SYSTEM32\profapi.dll:profapi.dll (00007FFE32250000), size: 126976 (result: 0), SymType: '-deferred-', PDB: '', fileVersion: 10.0.19041.844
C:\Windows\system32\IconCodecService.dll:IconCodecService.dll (00007FFDFC8E0000), size: 36864 (result: 0), SymType: '-deferred-', PDB: '', fileVersion: 10.0.19041.1
C:\Windows\SYSTEM32\WindowsCodecs.dll:WindowsCodecs.dll (00007FFE2B770000), size: 1785856 (result: 0), SymType: '-deferred-', PDB: '', fileVersion: 10.0.19041.1706
C:\Windows\System32\clbcatq.dll:clbcatq.dll (000001ED8CBC0000), size: 692224 (result: 0), SymType: '-deferred-', PDB: '', fileVersion: 2001.12.10941.16384
C:\Windows\System32\netprofm.dll:netprofm.dll (00007FFE2DBA0000), size: 253952 (result: 0), SymType: '-deferred-', PDB: '', fileVersion: 10.0.19041.906
C:\Windows\System32\npmproxy.dll:npmproxy.dll (00007FFE2B250000), size: 65536 (result: 0), SymType: '-deferred-', PDB: '', fileVersion: 10.0.19041.906
C:\Windows\System32\NSI.dll:NSI.dll (00007FFE34050000), size: 32768 (result: 0), SymType: '-deferred-', PDB: '', fileVersion: 10.0.19041.610
C:\Windows\SYSTEM32\dhcpcsvc6.DLL:dhcpcsvc6.DLL (00007FFE2C390000), size: 94208 (result: 0), SymType: '-deferred-', PDB: '', fileVersion: 10.0.19041.546
C:\Windows\SYSTEM32\dhcpcsvc.DLL:dhcpcsvc.DLL (00007FFE2C260000), size: 118784 (result: 0), SymType: '-deferred-', PDB: '', fileVersion: 10.0.19041.546
C:\Windows\SYSTEM32\DNSAPI.dll:DNSAPI.dll (00007FFE31800000), size: 827392 (result: 0), SymType: '-deferred-', PDB: '', fileVersion: 10.0.19041.1865
C:\Windows\System32\fwpuclnt.dll:fwpuclnt.dll (00007FFE2B2D0000), size: 524288 (result: 0), SymType: '-deferred-', PDB: '', fileVersion: 10.0.19041.1741
C:\Windows\System32\rasadhlp.dll:rasadhlp.dll (00007FFE2B2C0000), size: 40960 (result: 0), SymType: '-deferred-', PDB: '', fileVersion: 10.0.19041.546
C:\Program Files\Unity 2021.2.0f1\Editor\NVUnityPlugin.DLL:NVUnityPlugin.DLL (00007FFDB1E20000), size: 1523712 (result: 0), SymType: '-deferred-', PDB: ''
C:\Windows\SYSTEM32\vulkan-1.dll:vulkan-1.dll (00007FFDB1CB0000), size: 1445888 (result: 0), SymType: '-deferred-', PDB: '', fileVersion: 1.3.198.1
C:\Windows\system32\dxgi.dll:dxgi.dll (00007FFE30C10000), size: 995328 (result: 0), SymType: '-deferred-', PDB: '', fileVersion: 10.0.19041.1806
C:\Program Files\Unity 2021.2.0f1\Editor\Data\Tools\astcenc-avx2.dll:astcenc-avx2.dll (00007FFDB1C20000), size: 561152 (result: 0), SymType: '-deferred-', PDB: ''
C:\Windows\SYSTEM32\d3d11.dll:d3d11.dll (00007FFE2E060000), size: 2502656 (result: 0), SymType: '-deferred-', PDB: '', fileVersion: 10.0.19041.1865
C:\Windows\System32\DriverStore\FileRepository\nvdd.inf_amd64_4bb334e8050a1e64\nvldumdx.dll:nvldumdx.dll (00007FFE297B0000), size: 720896 (result: 0), SymType: '-deferred-', PDB: '', fileVersion: 30.0.15.1277
C:\Windows\SYSTEM32\cryptnet.dll:cryptnet.dll (00007FFE29860000), size: 200704 (result: 0), SymType: '-deferred-', PDB: '', fileVersion: 10.0.19041.906
C:\Windows\SYSTEM32\drvstore.dll:drvstore.dll (00007FFE2ABD0000), size: 1343488 (result: 0), SymType: '-deferred-', PDB: '', fileVersion: 10.0.19041.1566
C:\Windows\SYSTEM32\devobj.dll:devobj.dll (00007FFE320C0000), size: 180224 (result: 0), SymType: '-deferred-', PDB: '', fileVersion: 10.0.19041.1620
C:\Windows\SYSTEM32\cryptbase.dll:cryptbase.dll (00007FFE31CE0000), size: 49152 (result: 0), SymType: '-deferred-', PDB: '', fileVersion: 10.0.19041.546
C:\Windows\SYSTEM32\CRYPTSP.dll:CRYPTSP.dll (00007FFE31CC0000), size: 98304 (result: 0), SymType: '-deferred-', PDB: '', fileVersion: 10.0.19041.546
C:\Windows\system32\rsaenh.dll:rsaenh.dll (00007FFE313E0000), size: 212992 (result: 0), SymType: '-deferred-', PDB: '', fileVersion: 10.0.19041.1052
C:\Windows\System32\DriverStore\FileRepository\nvdd.inf_amd64_4bb334e8050a1e64\nvwgf2umx.dll:nvwgf2umx.dll (00007FFDBB510000), size: 43294720 (result: 0), SymType: '-deferred-', PDB: '', fileVersion: 30.0.15.1277
C:\Windows\SYSTEM32\dxcore.dll:dxcore.dll (00007FFE2D600000), size: 241664 (result: 0), SymType: '-deferred-', PDB: '', fileVersion: 10.0.19041.546
C:\Windows\system32\wbem\wbemprox.dll:wbemprox.dll (00007FFE28A50000), size: 69632 (result: 0), SymType: '-deferred-', PDB: '', fileVersion: 10.0.19041.1320
C:\Windows\SYSTEM32\wbemcomn.dll:wbemcomn.dll (00007FFE27200000), size: 589824 (result: 0), SymType: '-deferred-', PDB: '', fileVersion: 10.0.19041.1566
C:\Windows\system32\wbem\wbemsvc.dll:wbemsvc.dll (00007FFE220A0000), size: 81920 (result: 0), SymType: '-deferred-', PDB: '', fileVersion: 10.0.19041.1320
C:\Windows\system32\wbem\fastprox.dll:fastprox.dll (00007FFE22920000), size: 1093632 (result: 0), SymType: '-deferred-', PDB: '', fileVersion: 10.0.19041.546
C:\Windows\SYSTEM32\amsi.dll:amsi.dll (00007FFE1FF80000), size: 131072 (result: 0), SymType: '-deferred-', PDB: '', fileVersion: 10.0.19041.1620
C:\Program Files\Unity 2021.2.0f1\Editor\cudart64_90.dll:cudart64_90.dll (00007FFDA2220000), size: 397312 (result: 0), SymType: '-deferred-', PDB: '', fileVersion: 6.14.11.9000
C:\Windows\SYSTEM32\opencl.dll:opencl.dll (00007FFDA1BE0000), size: 1474560 (result: 0), SymType: '-deferred-', PDB: '', fileVersion: 3.0.1.0
C:\Program Files\Unity 2021.2.0f1\Editor\radeonrays.dll:radeonrays.dll (00007FFDA0E40000), size: 557056 (result: 0), SymType: '-deferred-', PDB: ''
C:\Program Files\Unity 2021.2.0f1\Editor\Data\MonoBleedingEdge\EmbedRuntime\mono-2.0-bdwgc.dll:mono-2.0-bdwgc.dll (00007FFDA0390000), size: 11173888 (result: 0), SymType: '-deferred-', PDB: ''
C:\Windows\SYSTEM32\winncap364.dll:winncap364.dll (00007FFE04920000), size: 2043904 (result: 0), SymType: '-deferred-', PDB: '', fileVersion: 4.62.411.0
C:\Windows\SYSTEM32\PROPSYS.dll:PROPSYS.dll (00007FFE2DEE0000), size: 1007616 (result: 0), SymType: '-deferred-', PDB: '', fileVersion: 7.0.19041.1741
C:\Windows\System32\thumbcache.dll:thumbcache.dll (00007FFDF3860000), size: 417792 (result: 0), SymType: '-deferred-', PDB: '', fileVersion: 10.0.19041.1865
C:\Windows\SYSTEM32\TFollowWnd64.dll:TFollowWnd64.dll (00007FFDFD420000), size: 737280 (result: 0), SymType: '-deferred-', PDB: '', fileVersion: 4.61.806.0
C:\Windows\system32\thooksv364.dll:thooksv364.dll (00007FFE00510000), size: 659456 (result: 0), SymType: '-deferred-', PDB: '', fileVersion: 4.63.701.0
C:\Windows\SYSTEM32\dbghelp.dll:dbghelp.dll (00007FFE1FFA0000), size: 1982464 (result: 0), SymType: '-deferred-', PDB: '', fileVersion: 10.0.19041.867

========== OUTPUTTING STACK TRACE ==================

0x00007FFE327E4FD9 (KERNELBASE) RaiseException
0x00007FF786F7863B (Unity) EditorMonoConsole::LogToConsoleImplementation
0x00007FF786F7912D (Unity) EditorMonoConsole::LogToConsoleImplementation
0x00007FF787B4F627 (Unity) DebugStringToFilePostprocessedStacktrace
0x00007FF787B4EDBD (Unity) DebugStringToFile
0x00007FF7861E3873 (Unity) CachedReader::OutOfBoundsError
0x00007FF7861E4714 (Unity) CachedReader::UpdateReadCache
0x00007FF786455A46 (Unity) ExecuteSerializationCommands<ConfigSettingsRead>
0x00007FF7864FCEB2 (Unity) Transfer_ManagedObject<StreamedBinaryRead,0>
0x00007FF786455A46 (Unity) ExecuteSerializationCommands<ConfigSettingsRead>
0x00007FF7864FCEB2 (Unity) Transfer_ManagedObject<StreamedBinaryRead,0>
0x00007FF786455B66 (Unity) ExecuteSerializationCommands<JSONRead>
0x00007FF78646E088 (Unity) <lambda_580fa16bd23d18c3e466e7b58feca0a1>::operator()
0x00007FF786468D2C (Unity) TransferScriptingObject<StreamedBinaryRead>
0x00007FF78646A2AC (Unity) SerializableManagedRefTransfer::TransferScriptingObjectWithSerializedRefSupport<StreamedBinaryRead>
0x00007FF78647FAEE (Unity) SerializableManagedRefTransfer::TransferBinaryInstanceOnly
0x00007FF7864574FF (Unity) SerializableManagedRefTransfer::RestoreBackupImpl<SerializableManagedRefBackupGenerator>
0x00007FF786457325 (Unity) SerializableManagedRefTransfer::RestoreBackup<SerializableManagedRefBackupGenerator>
0x00007FF78651ED22 (Unity) SerializableManagedRefsUtilities::RestoreBackups
0x00007FF786472AF0 (Unity) MonoManager::EndReloadAssembly
0x00007FF78647A538 (Unity) MonoManager::ReloadAssembly
0x00007FF787388062 (Unity) LoadDomainAndUserAssemblies
0x00007FF78738843C (Unity) LoadUserAssemblies
0x00007FF787815D58 (Unity) <lambda_51ee465229d2ba1d09dac25aa76052e0>::operator()
0x00007FF7878AB6E2 (Unity) asio::detail::completion_handler<core::mutable_function<void __cdecl(void)> >::do_complete
0x00007FF7878AD96D (Unity) asio::detail::win_iocp_io_service::do_one
0x00007FF7878B0D8E (Unity) asio::io_service::run
0x00007FF7878A9B81 (Unity) IOService::Run
0x00007FF787842F28 (Unity) RunAssetImportWorkerClientV2
0x00007FF787842FFB (Unity) RunAssetImporterV2
0x00007FF78709092F (Unity) Application::InitializeProject
0x00007FF7874D78E8 (Unity) WinMain
0x00007FF7887E3AE2 (Unity) __scrt_common_main_seh
0x00007FFE335C7034 (KERNEL32) BaseThreadInitThunk
0x00007FFE34C42651 (ntdll) RtlUserThreadStart

========== END OF STACKTRACE ===========

A crash has been intercepted by the crash handler. For call stack and other details, see the latest crash report generated in:
 * C:/Users/Admin/AppData/Local/Temp/Unity/Editor/Crashes
